A8MXD5	M	1	A	0.2218	0.0461	0.1757	2.70	-0.67	3.37	0	0	-1	0.1	0
A8MXD5	M	1	C	0.2218	0.0109	0.2109	2.70	-0.95	3.65	0	0	-1	-0.5	0
A8MXD5	M	1	D	0.2218	0.0301	0.1917	2.70	-1.56	4.26	0	0	-3	1	0
A8MXD5	M	1	E	0.2218	0.2037	0.0181	2.70	-0.69	3.39	0	0	-2	1.1	0
A8MXD5	M	1	F	0.2218	0.0235	0.1983	2.70	-0.28	2.98	0	0	0	-0.1	0
A8MXD5	M	1	G	0.2218	0.0389	0.1829	2.70	-1.93	4.63	0	0	-3	0.1	1
A8MXD5	M	1	H	0.2218	0.0148	0.207	2.70	-1.17	3.87	0	0	-2	0.5	1
A8MXD5	M	1	I	0.2218	0.0366	0.1852	2.70	0.31	2.39	0	0	1	-0.3	1
A8MXD5	M	1	K	0.2218	0.0374	0.1844	2.70	-0.49	3.19	0	0	-1	2.2	1
A8MXD5	M	1	L	0.2218	0.0597	0.1621	2.70	0.88	1.82	0	0	2	-0.1	0
A8MXD5	M	1	M	0	0	0	0	0	0	0	0	0	0	2
A8MXD5	M	1	N	0.2218	0.0250	0.1968	2.70	-1.17	3.87	0	0	-2	0.9	1
A8MXD5	M	1	P	0.2218	0.0283	0.1935	2.70	-1.25	3.95	0	0	-2	0.7	1
A8MXD5	M	1	Q	0.2218	0.0268	0.195	2.70	0.18	2.52	0	0	0	1.1	1
A8MXD5	M	1	R	0.2218	0.0345	0.1873	2.70	-0.59	3.29	0	0	-1	1.8	1
A8MXD5	M	1	S	0.2218	0.0403	0.1815	2.70	-0.58	3.28	0	0	-1	0.5	0
A8MXD5	M	1	T	0.2218	0.0379	0.1839	2.70	-0.67	3.37	0	0	-1	0.6	1
A8MXD5	M	1	V	0.2218	0.0558	0.166	2.70	0.41	2.29	0	0	1	-0.2	0
A8MXD5	M	1	W	0.2218	0.0082	0.2136	2.70	-0.87	3.57	0	0	-1	0.1	1
A8MXD5	M	1	Y	0.2218	0.0197	0.2021	2.70	-0.77	3.47	0	0	-1	0.8	0
A8MXD5	L	2	A	0.1617	0.0458	0.1159	0.80	-0.89	1.69	0	0	-1	0.2	0
A8MXD5	L	2	C	0.1617	0.0108	0.1509	0.80	-1.38	2.18	0	0	-1	-0.4	1
A8MXD5	L	2	D	0.1617	0.0768	0.0849	0.80	-1.49	2.29	0	0	-4	1.1	1
A8MXD5	L	2	E	0.1617	0.2040	-0.0423	0.80	-0.72	1.52	0	0	-3	1.2	0
A8MXD5	L	2	F	0.1617	0.0786	0.0831	0.80	0.54	0.26	0	0	0	0	0
A8MXD5	L	2	G	0.1617	0.0386	0.1231	0.80	-2.22	3.02	0	0	-4	0.2	0
A8MXD5	L	2	H	0.1617	0.0200	0.1417	0.80	-1.17	1.97	0	0	-3	0.6	1
A8MXD5	L	2	I	0.1617	0.0363	0.1254	0.80	0.14	0.66	0	0	2	-0.2	0
A8MXD5	L	2	K	0.1617	0.0479	0.1138	0.80	-1.04	1.84	0	0	-2	2.3	1
A8MXD5	L	2	L	0	0	0	0	0	0	0	0	0	0	2
A8MXD5	L	2	M	0.1617	0.0156	0.1461	0.80	0.31	0.49	0	0	2	0.1	1
A8MXD5	L	2	N	0.1617	0.0249	0.1368	0.80	-1.52	2.32	0	0	-3	1	0
A8MXD5	L	2	P	0.1617	0.0281	0.1336	0.80	-1.90	2.7	0	0	-3	0.8	1
A8MXD5	L	2	Q	0.1617	0.0266	0.1351	0.80	-0.89	1.69	0	0	-2	1.2	0
A8MXD5	L	2	R	0.1617	0.0343	0.1274	0.80	-1.22	2.02	0	0	-2	1.9	0
A8MXD5	L	2	S	0.1617	0.0400	0.1217	0.80	-1.03	1.83	0	0	-2	0.6	0
A8MXD5	L	2	T	0.1617	0.0377	0.124	0.80	-0.87	1.67	0	0	-1	0.7	1
A8MXD5	L	2	V	0.1617	0.0448	0.1169	0.80	-0.22	1.02	0	0	1	-0.1	1
A8MXD5	L	2	W	0.1617	0.0081	0.1536	0.80	-1.03	1.83	0	0	-2	0.2	0
A8MXD5	L	2	Y	0.1617	0.0195	0.1422	0.80	-0.15	0.95	0	0	-1	0.9	1
A8MXD5	K	3	A	0.1981	0.0424	0.1557	2.61	-0.67	3.28	1	0	-1	-2.1	1
A8MXD5	K	3	C	0.1981	0.0099	0.1882	2.61	-2.18	4.79	1	0	-3	-2.7	0
A8MXD5	K	3	D	0.1981	0.0310	0.1671	2.61	-0.69	3.3	1	0	-1	-1.2	1
A8MXD5	K	3	E	0.1981	0.0925	0.1056	2.61	0.58	2.03	1	0	1	-1.1	1
A8MXD5	K	3	F	0.1981	0.0212	0.1769	2.61	-2.14	4.75	1	0	-3	-2.3	1
A8MXD5	K	3	G	0.1981	0.0622	0.1359	2.61	-1.02	3.63	1	0	-2	-2.1	0
A8MXD5	K	3	H	0.1981	0.0135	0.1846	2.61	-0.60	3.21	1	0	-1	-1.7	0
A8MXD5	K	3	I	0.1981	0.0451	0.153	2.61	-2.17	4.78	1	0	-3	-2.5	1
A8MXD5	K	3	K	0	0	0	0	0	0	0	0	0	0	2
A8MXD5	K	3	L	0.1981	0.0531	0.145	2.61	-1.57	4.18	1	0	-2	-2.3	0
A8MXD5	K	3	M	0.1981	0.0140	0.1841	2.61	-0.86	3.47	1	0	-1	-2.2	1
A8MXD5	K	3	N	0.1981	0.0263	0.1718	2.61	0.02	2.59	1	0	0	-1.3	0
A8MXD5	K	3	P	0.1981	0.0258	0.1723	2.61	-0.90	3.51	1	0	-1	-1.5	1
A8MXD5	K	3	Q	0.1981	0.0263	0.1718	2.61	0.59	2.02	1	0	1	-1.1	1
A8MXD5	K	3	R	0.1981	0.2023	-0.004	2.61	1.47	1.14	1	0	2	-0.4	0
A8MXD5	K	3	S	0.1981	0.0370	0.1611	2.61	-0.13	2.74	1	0	0	-1.7	1
A8MXD5	K	3	T	0.1981	0.0343	0.1638	2.61	-0.76	3.37	1	0	-1	-1.6	0
A8MXD5	K	3	V	0.1981	0.0400	0.1581	2.61	-1.59	4.2	1	0	-2	-2.4	0
A8MXD5	K	3	W	0.1981	0.0074	0.1907	2.61	-2.10	4.71	1	0	-3	-2.1	0
A8MXD5	K	3	Y	0.1981	0.0177	0.1804	2.61	-1.48	4.09	1	0	-2	-1.4	0
A8MXD5	R	4	A	0.1325	0.0401	0.0924	1.39	-0.32	1.71	1	0	-1	-1.7	0
A8MXD5	R	4	C	0.1325	0.0093	0.1232	1.39	-1.67	3.06	1	0	-3	-2.3	1
A8MXD5	R	4	D	0.1325	0.0261	0.1064	1.39	-0.85	2.24	1	0	-2	-0.8	0
A8MXD5	R	4	E	0.1325	0.0353	0.0972	1.39	-0.06	1.45	1	0	0	-0.7	1
A8MXD5	R	4	F	0.1325	0.0202	0.1123	1.39	-1.90	3.29	1	0	-3	-1.9	1
A8MXD5	R	4	G	0.1325	0.0421	0.0904	1.39	-0.87	2.26	1	0	-2	-1.7	0
A8MXD5	R	4	H	0.1325	0.0129	0.1196	1.39	-0.51	1.9	1	0	0	-1.3	0
A8MXD5	R	4	I	0.1325	0.0339	0.0986	1.39	-1.82	3.21	1	0	-3	-2.1	0
A8MXD5	R	4	K	0.1325	0.1994	-0.0669	1.39	0.97	0.42	1	0	2	0.4	1
A8MXD5	R	4	L	0.1325	0.0608	0.0717	1.39	-1.39	2.78	1	0	-2	-1.9	0
A8MXD5	R	4	M	0.1325	0.0275	0.105	1.39	-0.74	2.13	1	0	-1	-1.8	1
A8MXD5	R	4	N	0.1325	0.0345	0.098	1.39	0.28	1.11	1	0	0	-0.9	1
A8MXD5	R	4	P	0.1325	0.0243	0.1082	1.39	-1.11	2.5	1	0	-2	-1.1	1
A8MXD5	R	4	Q	0.1325	0.0581	0.0744	1.39	0.29	1.1	1	0	1	-0.7	0
A8MXD5	R	4	R	0	0	0	0	0	0	0	0	0	0	2
A8MXD5	R	4	S	0.1325	0.0945	0.038	1.39	0.44	0.95	1	0	-1	-1.3	1
A8MXD5	R	4	T	0.1325	0.0850	0.0475	1.39	0.08	1.31	1	0	-1	-1.2	1
A8MXD5	R	4	V	0.1325	0.0393	0.0932	1.39	-1.60	2.99	1	0	-3	-2	1
A8MXD5	R	4	W	0.1325	0.0070	0.1255	1.39	-2.08	3.47	1	0	-3	-1.7	1
A8MXD5	R	4	Y	0.1325	0.0170	0.1155	1.39	-1.47	2.86	1	0	-2	-1	0
A8MXD5	E	5	A	0.1821	0.0423	0.1398	2.36	-0.75	3.11	1	0	-1	-1	1
A8MXD5	E	5	C	0.1821	0.0200	0.1621	2.36	-2.44	4.8	1	0	-4	-1.6	1
A8MXD5	E	5	D	0.1821	0.0445	0.1376	2.36	0.92	1.44	1	0	2	-0.1	1
A8MXD5	E	5	E	0	0	0	0	0	0	0	0	0	0	2
A8MXD5	E	5	F	0.1821	0.0203	0.1618	2.36	-1.98	4.34	1	0	-3	-1.2	1
A8MXD5	E	5	G	0.1821	0.0346	0.1475	2.36	-1.47	3.83	1	0	-2	-1	1
A8MXD5	E	5	H	0.1821	0.0219	0.1602	2.36	-0.30	2.66	1	0	0	-0.6	1
A8MXD5	E	5	I	0.1821	0.0365	0.1456	2.36	-1.82	4.18	1	0	-3	-1.4	0
A8MXD5	E	5	K	0.1821	0.0986	0.0835	2.36	0.51	1.85	1	0	1	1.1	0
A8MXD5	E	5	L	0.1821	0.0595	0.1226	2.36	-1.74	4.1	1	0	-3	-1.2	0
A8MXD5	E	5	M	0.1821	0.0516	0.1305	2.36	-0.90	3.26	1	0	-2	-1.1	0
A8MXD5	E	5	N	0.1821	0.0216	0.1605	2.36	-0.17	2.53	1	0	0	-0.2	0
A8MXD5	E	5	P	0.1821	0.0359	0.1462	2.36	-0.80	3.16	1	0	-1	-0.4	0
A8MXD5	E	5	Q	0.1821	0.1098	0.0723	2.36	1.19	1.17	1	0	2	0	0
A8MXD5	E	5	R	0.1821	0.0788	0.1033	2.36	-0.08	2.44	1	0	0	0.7	0
A8MXD5	E	5	S	0.1821	0.0347	0.1474	2.36	-0.14	2.5	1	0	0	-0.6	1
A8MXD5	E	5	T	0.1821	0.0332	0.1489	2.36	-0.72	3.08	1	0	-1	-0.5	0
A8MXD5	E	5	V	0.1821	0.0502	0.1319	2.36	-1.25	3.61	1	0	-2	-1.3	0
A8MXD5	E	5	W	0.1821	0.0071	0.175	2.36	-2.09	4.45	1	0	-3	-1	0
A8MXD5	E	5	Y	0.1821	0.0171	0.165	2.36	-1.39	3.75	1	0	-2	-0.3	0
A8MXD5	M	6	A	0.1128	0.0434	0.0694	1.64	-0.49	2.13	0	0	-1	0.1	1
A8MXD5	M	6	C	0.1128	0.0098	0.103	1.64	-0.92	2.56	0	0	-1	-0.5	1
A8MXD5	M	6	D	0.1128	0.0271	0.0857	1.64	-1.89	3.53	0	0	-3	1	1
A8MXD5	M	6	E	0.1128	0.0995	0.0133	1.64	-1.25	2.89	0	0	-2	1.1	1
A8MXD5	M	6	F	0.1128	0.0212	0.0916	1.64	-0.53	2.17	0	0	0	-0.1	1
A8MXD5	M	6	G	0.1128	0.0477	0.0651	1.64	-2.00	3.64	0	0	-3	0.1	0
A8MXD5	M	6	H	0.1128	0.0134	0.0994	1.64	-1.58	3.22	0	0	-2	0.5	0
A8MXD5	M	6	I	0.1128	0.0495	0.0633	1.64	0.72	0.92	0	0	1	-0.3	1
A8MXD5	M	6	K	0.1128	0.0559	0.0569	1.64	-0.88	2.52	0	0	-1	2.2	0
A8MXD5	M	6	L	0.1128	0.1272	-0.0144	1.64	0.84	0.8	0	0	2	-0.1	1
A8MXD5	M	6	M	0	0	0	0	0	0	0	0	0	0	2
A8MXD5	M	6	N	0.1128	0.0226	0.0902	1.64	-1.42	3.06	0	0	-2	0.9	0
A8MXD5	M	6	P	0.1128	0.0308	0.082	1.64	-1.42	3.06	0	0	-2	0.7	0
A8MXD5	M	6	Q	0.1128	0.0244	0.0884	1.64	-0.60	2.24	0	0	0	1.1	0
A8MXD5	M	6	R	0.1128	0.0756	0.0372	1.64	-0.96	2.6	0	0	-1	1.8	1
A8MXD5	M	6	S	0.1128	0.0560	0.0568	1.64	-0.78	2.42	0	0	-1	0.5	1
A8MXD5	M	6	T	0.1128	0.0554	0.0574	1.64	-0.27	1.91	0	0	-1	0.6	1
A8MXD5	M	6	V	0.1128	0.1025	0.0103	1.64	0.82	0.82	0	0	1	-0.2	1
A8MXD5	M	6	W	0.1128	0.0074	0.1054	1.64	-1.42	3.06	0	0	-1	0.1	1
A8MXD5	M	6	Y	0.1128	0.0178	0.095	1.64	-0.91	2.55	0	0	-1	0.8	1
A8MXD5	M	1	A	0.2218	0.0461	0.1757	2.70	-0.67	3.37	0	0	-1	0.1	0
A8MXD5	M	1	C	0.2218	0.0109	0.2109	2.70	-0.95	3.65	0	0	-1	-0.5	0
A8MXD5	M	1	D	0.2218	0.0301	0.1917	2.70	-1.56	4.26	0	0	-3	1	0
A8MXD5	M	1	E	0.2218	0.2037	0.0181	2.70	-0.69	3.39	0	0	-2	1.1	0
A8MXD5	M	1	F	0.2218	0.0235	0.1983	2.70	-0.28	2.98	0	0	0	-0.1	0
A8MXD5	M	1	G	0.2218	0.0389	0.1829	2.70	-1.93	4.63	0	0	-3	0.1	1
A8MXD5	M	1	H	0.2218	0.0148	0.207	2.70	-1.17	3.87	0	0	-2	0.5	1
A8MXD5	M	1	I	0.2218	0.0366	0.1852	2.70	0.31	2.39	0	0	1	-0.3	1
A8MXD5	M	1	K	0.2218	0.0374	0.1844	2.70	-0.49	3.19	0	0	-1	2.2	1
A8MXD5	M	1	L	0.2218	0.0597	0.1621	2.70	0.88	1.82	0	0	2	-0.1	0
A8MXD5	M	1	M	0	0	0	0	0	0	0	0	0	0	2
A8MXD5	M	1	N	0.2218	0.0250	0.1968	2.70	-1.17	3.87	0	0	-2	0.9	1
A8MXD5	M	1	P	0.2218	0.0283	0.1935	2.70	-1.25	3.95	0	0	-2	0.7	1
A8MXD5	M	1	Q	0.2218	0.0268	0.195	2.70	0.18	2.52	0	0	0	1.1	1
A8MXD5	M	1	R	0.2218	0.0345	0.1873	2.70	-0.59	3.29	0	0	-1	1.8	1
A8MXD5	M	1	S	0.2218	0.0403	0.1815	2.70	-0.58	3.28	0	0	-1	0.5	0
A8MXD5	M	1	T	0.2218	0.0379	0.1839	2.70	-0.67	3.37	0	0	-1	0.6	1
A8MXD5	M	1	V	0.2218	0.0558	0.166	2.70	0.41	2.29	0	0	1	-0.2	0
A8MXD5	M	1	W	0.2218	0.0082	0.2136	2.70	-0.87	3.57	0	0	-1	0.1	1
A8MXD5	M	1	Y	0.2218	0.0197	0.2021	2.70	-0.77	3.47	0	0	-1	0.8	0
A8MXD5	L	2	A	0.1617	0.0458	0.1159	0.80	-0.89	1.69	0	0	-1	0.2	0
A8MXD5	L	2	C	0.1617	0.0108	0.1509	0.80	-1.38	2.18	0	0	-1	-0.4	1
A8MXD5	L	2	D	0.1617	0.0768	0.0849	0.80	-1.49	2.29	0	0	-4	1.1	1
A8MXD5	L	2	E	0.1617	0.2040	-0.0423	0.80	-0.72	1.52	0	0	-3	1.2	0
A8MXD5	L	2	F	0.1617	0.0786	0.0831	0.80	0.54	0.26	0	0	0	0	0
A8MXD5	L	2	G	0.1617	0.0386	0.1231	0.80	-2.22	3.02	0	0	-4	0.2	0
A8MXD5	L	2	H	0.1617	0.0200	0.1417	0.80	-1.17	1.97	0	0	-3	0.6	1
A8MXD5	L	2	I	0.1617	0.0363	0.1254	0.80	0.14	0.66	0	0	2	-0.2	0
A8MXD5	L	2	K	0.1617	0.0479	0.1138	0.80	-1.04	1.84	0	0	-2	2.3	1
A8MXD5	L	2	L	0	0	0	0	0	0	0	0	0	0	2
A8MXD5	L	2	M	0.1617	0.0156	0.1461	0.80	0.31	0.49	0	0	2	0.1	1
A8MXD5	L	2	N	0.1617	0.0249	0.1368	0.80	-1.52	2.32	0	0	-3	1	0
A8MXD5	L	2	P	0.1617	0.0281	0.1336	0.80	-1.90	2.7	0	0	-3	0.8	1
A8MXD5	L	2	Q	0.1617	0.0266	0.1351	0.80	-0.89	1.69	0	0	-2	1.2	0
A8MXD5	L	2	R	0.1617	0.0343	0.1274	0.80	-1.22	2.02	0	0	-2	1.9	0
A8MXD5	L	2	S	0.1617	0.0400	0.1217	0.80	-1.03	1.83	0	0	-2	0.6	0
A8MXD5	L	2	T	0.1617	0.0377	0.124	0.80	-0.87	1.67	0	0	-1	0.7	1
A8MXD5	L	2	V	0.1617	0.0448	0.1169	0.80	-0.22	1.02	0	0	1	-0.1	1
A8MXD5	L	2	W	0.1617	0.0081	0.1536	0.80	-1.03	1.83	0	0	-2	0.2	0
A8MXD5	L	2	Y	0.1617	0.0195	0.1422	0.80	-0.15	0.95	0	0	-1	0.9	1
A8MXD5	K	3	A	0.1981	0.0424	0.1557	2.61	-0.67	3.28	1	0	-1	-2.1	1
A8MXD5	K	3	C	0.1981	0.0099	0.1882	2.61	-2.18	4.79	1	0	-3	-2.7	0
A8MXD5	K	3	D	0.1981	0.0310	0.1671	2.61	-0.69	3.3	1	0	-1	-1.2	1
A8MXD5	K	3	E	0.1981	0.0925	0.1056	2.61	0.58	2.03	1	0	1	-1.1	1
A8MXD5	K	3	F	0.1981	0.0212	0.1769	2.61	-2.14	4.75	1	0	-3	-2.3	1
A8MXD5	K	3	G	0.1981	0.0622	0.1359	2.61	-1.02	3.63	1	0	-2	-2.1	0
A8MXD5	K	3	H	0.1981	0.0135	0.1846	2.61	-0.60	3.21	1	0	-1	-1.7	0
A8MXD5	K	3	I	0.1981	0.0451	0.153	2.61	-2.17	4.78	1	0	-3	-2.5	1
A8MXD5	K	3	K	0	0	0	0	0	0	0	0	0	0	2
A8MXD5	K	3	L	0.1981	0.0531	0.145	2.61	-1.57	4.18	1	0	-2	-2.3	0
A8MXD5	K	3	M	0.1981	0.0140	0.1841	2.61	-0.86	3.47	1	0	-1	-2.2	1
A8MXD5	K	3	N	0.1981	0.0263	0.1718	2.61	0.02	2.59	1	0	0	-1.3	0
A8MXD5	K	3	P	0.1981	0.0258	0.1723	2.61	-0.90	3.51	1	0	-1	-1.5	1
A8MXD5	K	3	Q	0.1981	0.0263	0.1718	2.61	0.59	2.02	1	0	1	-1.1	1
A8MXD5	K	3	R	0.1981	0.2023	-0.004	2.61	1.47	1.14	1	0	2	-0.4	0
A8MXD5	K	3	S	0.1981	0.0370	0.1611	2.61	-0.13	2.74	1	0	0	-1.7	1
A8MXD5	K	3	T	0.1981	0.0343	0.1638	2.61	-0.76	3.37	1	0	-1	-1.6	0
A8MXD5	K	3	V	0.1981	0.0400	0.1581	2.61	-1.59	4.2	1	0	-2	-2.4	0
A8MXD5	K	3	W	0.1981	0.0074	0.1907	2.61	-2.10	4.71	1	0	-3	-2.1	0
A8MXD5	K	3	Y	0.1981	0.0177	0.1804	2.61	-1.48	4.09	1	0	-2	-1.4	0
A8MXD5	R	4	A	0.1325	0.0401	0.0924	1.39	-0.32	1.71	1	0	-1	-1.7	0
A8MXD5	R	4	C	0.1325	0.0093	0.1232	1.39	-1.67	3.06	1	0	-3	-2.3	1
A8MXD5	R	4	D	0.1325	0.0261	0.1064	1.39	-0.85	2.24	1	0	-2	-0.8	0
A8MXD5	R	4	E	0.1325	0.0353	0.0972	1.39	-0.06	1.45	1	0	0	-0.7	1
A8MXD5	R	4	F	0.1325	0.0202	0.1123	1.39	-1.90	3.29	1	0	-3	-1.9	1
A8MXD5	R	4	G	0.1325	0.0421	0.0904	1.39	-0.87	2.26	1	0	-2	-1.7	0
A8MXD5	R	4	H	0.1325	0.0129	0.1196	1.39	-0.51	1.9	1	0	0	-1.3	0
A8MXD5	R	4	I	0.1325	0.0339	0.0986	1.39	-1.82	3.21	1	0	-3	-2.1	0
A8MXD5	R	4	K	0.1325	0.1994	-0.0669	1.39	0.97	0.42	1	0	2	0.4	1
A8MXD5	R	4	L	0.1325	0.0608	0.0717	1.39	-1.39	2.78	1	0	-2	-1.9	0
A8MXD5	R	4	M	0.1325	0.0275	0.105	1.39	-0.74	2.13	1	0	-1	-1.8	1
A8MXD5	R	4	N	0.1325	0.0345	0.098	1.39	0.28	1.11	1	0	0	-0.9	1
A8MXD5	R	4	P	0.1325	0.0243	0.1082	1.39	-1.11	2.5	1	0	-2	-1.1	1
A8MXD5	R	4	Q	0.1325	0.0581	0.0744	1.39	0.29	1.1	1	0	1	-0.7	0
A8MXD5	R	4	R	0	0	0	0	0	0	0	0	0	0	2
A8MXD5	R	4	S	0.1325	0.0945	0.038	1.39	0.44	0.95	1	0	-1	-1.3	1
A8MXD5	R	4	T	0.1325	0.0850	0.0475	1.39	0.08	1.31	1	0	-1	-1.2	1
A8MXD5	R	4	V	0.1325	0.0393	0.0932	1.39	-1.60	2.99	1	0	-3	-2	1
A8MXD5	R	4	W	0.1325	0.0070	0.1255	1.39	-2.08	3.47	1	0	-3	-1.7	1
A8MXD5	R	4	Y	0.1325	0.0170	0.1155	1.39	-1.47	2.86	1	0	-2	-1	0
A8MXD5	E	5	A	0.1821	0.0423	0.1398	2.36	-0.75	3.11	1	0	-1	-1	1
A8MXD5	E	5	C	0.1821	0.0200	0.1621	2.36	-2.44	4.8	1	0	-4	-1.6	1
A8MXD5	E	5	D	0.1821	0.0445	0.1376	2.36	0.92	1.44	1	0	2	-0.1	1
A8MXD5	E	5	E	0	0	0	0	0	0	0	0	0	0	2
A8MXD5	E	5	F	0.1821	0.0203	0.1618	2.36	-1.98	4.34	1	0	-3	-1.2	1
A8MXD5	E	5	G	0.1821	0.0346	0.1475	2.36	-1.47	3.83	1	0	-2	-1	1
A8MXD5	E	5	H	0.1821	0.0219	0.1602	2.36	-0.30	2.66	1	0	0	-0.6	1
A8MXD5	E	5	I	0.1821	0.0365	0.1456	2.36	-1.82	4.18	1	0	-3	-1.4	0
A8MXD5	E	5	K	0.1821	0.0986	0.0835	2.36	0.51	1.85	1	0	1	1.1	0
A8MXD5	E	5	L	0.1821	0.0595	0.1226	2.36	-1.74	4.1	1	0	-3	-1.2	0
A8MXD5	E	5	M	0.1821	0.0516	0.1305	2.36	-0.90	3.26	1	0	-2	-1.1	0
A8MXD5	E	5	N	0.1821	0.0216	0.1605	2.36	-0.17	2.53	1	0	0	-0.2	0
A8MXD5	E	5	P	0.1821	0.0359	0.1462	2.36	-0.80	3.16	1	0	-1	-0.4	0
A8MXD5	E	5	Q	0.1821	0.1098	0.0723	2.36	1.19	1.17	1	0	2	0	0
A8MXD5	E	5	R	0.1821	0.0788	0.1033	2.36	-0.08	2.44	1	0	0	0.7	0
A8MXD5	E	5	S	0.1821	0.0347	0.1474	2.36	-0.14	2.5	1	0	0	-0.6	1
A8MXD5	E	5	T	0.1821	0.0332	0.1489	2.36	-0.72	3.08	1	0	-1	-0.5	0
A8MXD5	E	5	V	0.1821	0.0502	0.1319	2.36	-1.25	3.61	1	0	-2	-1.3	0
A8MXD5	E	5	W	0.1821	0.0071	0.175	2.36	-2.09	4.45	1	0	-3	-1	0
A8MXD5	E	5	Y	0.1821	0.0171	0.165	2.36	-1.39	3.75	1	0	-2	-0.3	0
A8MXD5	M	6	A	0.1128	0.0434	0.0694	1.64	-0.49	2.13	0	0	-1	0.1	1
A8MXD5	M	6	C	0.1128	0.0098	0.103	1.64	-0.92	2.56	0	0	-1	-0.5	1
A8MXD5	M	6	D	0.1128	0.0271	0.0857	1.64	-1.89	3.53	0	0	-3	1	1
A8MXD5	M	6	E	0.1128	0.0995	0.0133	1.64	-1.25	2.89	0	0	-2	1.1	1
A8MXD5	M	6	F	0.1128	0.0212	0.0916	1.64	-0.53	2.17	0	0	0	-0.1	1
A8MXD5	M	6	G	0.1128	0.0477	0.0651	1.64	-2.00	3.64	0	0	-3	0.1	0
A8MXD5	M	6	H	0.1128	0.0134	0.0994	1.64	-1.58	3.22	0	0	-2	0.5	0
A8MXD5	M	6	I	0.1128	0.0495	0.0633	1.64	0.72	0.92	0	0	1	-0.3	1
A8MXD5	M	6	K	0.1128	0.0559	0.0569	1.64	-0.88	2.52	0	0	-1	2.2	0
A8MXD5	M	6	L	0.1128	0.1272	-0.0144	1.64	0.84	0.8	0	0	2	-0.1	1
A8MXD5	M	6	M	0	0	0	0	0	0	0	0	0	0	2
A8MXD5	M	6	N	0.1128	0.0226	0.0902	1.64	-1.42	3.06	0	0	-2	0.9	0
A8MXD5	M	6	P	0.1128	0.0308	0.082	1.64	-1.42	3.06	0	0	-2	0.7	0
A8MXD5	M	6	Q	0.1128	0.0244	0.0884	1.64	-0.60	2.24	0	0	0	1.1	0
A8MXD5	M	6	R	0.1128	0.0756	0.0372	1.64	-0.96	2.6	0	0	-1	1.8	1
A8MXD5	M	6	S	0.1128	0.0560	0.0568	1.64	-0.78	2.42	0	0	-1	0.5	1
A8MXD5	M	6	T	0.1128	0.0554	0.0574	1.64	-0.27	1.91	0	0	-1	0.6	1
A8MXD5	M	6	V	0.1128	0.1025	0.0103	1.64	0.82	0.82	0	0	1	-0.2	1
A8MXD5	M	6	W	0.1128	0.0074	0.1054	1.64	-1.42	3.06	0	0	-1	0.1	1
A8MXD5	M	6	Y	0.1128	0.0178	0.095	1.64	-0.91	2.55	0	0	-1	0.8	1
A8MXD5	M	1	A	0.2218	0.0461	0.1757	2.70	-0.67	3.37	0	0	-1	0.1	0
A8MXD5	M	1	C	0.2218	0.0109	0.2109	2.70	-0.95	3.65	0	0	-1	-0.5	0
A8MXD5	M	1	D	0.2218	0.0301	0.1917	2.70	-1.56	4.26	0	0	-3	1	0
A8MXD5	M	1	E	0.2218	0.2037	0.0181	2.70	-0.69	3.39	0	0	-2	1.1	0
A8MXD5	M	1	F	0.2218	0.0235	0.1983	2.70	-0.28	2.98	0	0	0	-0.1	0
A8MXD5	M	1	G	0.2218	0.0389	0.1829	2.70	-1.93	4.63	0	0	-3	0.1	1
A8MXD5	M	1	H	0.2218	0.0148	0.207	2.70	-1.17	3.87	0	0	-2	0.5	1
A8MXD5	M	1	I	0.2218	0.0366	0.1852	2.70	0.31	2.39	0	0	1	-0.3	1
A8MXD5	M	1	K	0.2218	0.0374	0.1844	2.70	-0.49	3.19	0	0	-1	2.2	1
A8MXD5	M	1	L	0.2218	0.0597	0.1621	2.70	0.88	1.82	0	0	2	-0.1	0
A8MXD5	M	1	M	0	0	0	0	0	0	0	0	0	0	2
A8MXD5	M	1	N	0.2218	0.0250	0.1968	2.70	-1.17	3.87	0	0	-2	0.9	1
A8MXD5	M	1	P	0.2218	0.0283	0.1935	2.70	-1.25	3.95	0	0	-2	0.7	1
A8MXD5	M	1	Q	0.2218	0.0268	0.195	2.70	0.18	2.52	0	0	0	1.1	1
A8MXD5	M	1	R	0.2218	0.0345	0.1873	2.70	-0.59	3.29	0	0	-1	1.8	1
A8MXD5	M	1	S	0.2218	0.0403	0.1815	2.70	-0.58	3.28	0	0	-1	0.5	0
A8MXD5	M	1	T	0.2218	0.0379	0.1839	2.70	-0.67	3.37	0	0	-1	0.6	1
A8MXD5	M	1	V	0.2218	0.0558	0.166	2.70	0.41	2.29	0	0	1	-0.2	0
A8MXD5	M	1	W	0.2218	0.0082	0.2136	2.70	-0.87	3.57	0	0	-1	0.1	1
A8MXD5	M	1	Y	0.2218	0.0197	0.2021	2.70	-0.77	3.47	0	0	-1	0.8	0
A8MXD5	L	2	A	0.1617	0.0458	0.1159	0.80	-0.89	1.69	0	0	-1	0.2	0
A8MXD5	L	2	C	0.1617	0.0108	0.1509	0.80	-1.38	2.18	0	0	-1	-0.4	1
A8MXD5	L	2	D	0.1617	0.0768	0.0849	0.80	-1.49	2.29	0	0	-4	1.1	1
A8MXD5	L	2	E	0.1617	0.2040	-0.0423	0.80	-0.72	1.52	0	0	-3	1.2	0
A8MXD5	L	2	F	0.1617	0.0786	0.0831	0.80	0.54	0.26	0	0	0	0	0
A8MXD5	L	2	G	0.1617	0.0386	0.1231	0.80	-2.22	3.02	0	0	-4	0.2	0
A8MXD5	L	2	H	0.1617	0.0200	0.1417	0.80	-1.17	1.97	0	0	-3	0.6	1
A8MXD5	L	2	I	0.1617	0.0363	0.1254	0.80	0.14	0.66	0	0	2	-0.2	0
A8MXD5	L	2	K	0.1617	0.0479	0.1138	0.80	-1.04	1.84	0	0	-2	2.3	1
A8MXD5	L	2	L	0	0	0	0	0	0	0	0	0	0	2
A8MXD5	L	2	M	0.1617	0.0156	0.1461	0.80	0.31	0.49	0	0	2	0.1	1
A8MXD5	L	2	N	0.1617	0.0249	0.1368	0.80	-1.52	2.32	0	0	-3	1	0
A8MXD5	L	2	P	0.1617	0.0281	0.1336	0.80	-1.90	2.7	0	0	-3	0.8	1
A8MXD5	L	2	Q	0.1617	0.0266	0.1351	0.80	-0.89	1.69	0	0	-2	1.2	0
A8MXD5	L	2	R	0.1617	0.0343	0.1274	0.80	-1.22	2.02	0	0	-2	1.9	0
A8MXD5	L	2	S	0.1617	0.0400	0.1217	0.80	-1.03	1.83	0	0	-2	0.6	0
A8MXD5	L	2	T	0.1617	0.0377	0.124	0.80	-0.87	1.67	0	0	-1	0.7	1
A8MXD5	L	2	V	0.1617	0.0448	0.1169	0.80	-0.22	1.02	0	0	1	-0.1	1
A8MXD5	L	2	W	0.1617	0.0081	0.1536	0.80	-1.03	1.83	0	0	-2	0.2	0
A8MXD5	L	2	Y	0.1617	0.0195	0.1422	0.80	-0.15	0.95	0	0	-1	0.9	1
A8MXD5	K	3	A	0.1981	0.0424	0.1557	2.61	-0.67	3.28	1	0	-1	-2.1	1
A8MXD5	K	3	C	0.1981	0.0099	0.1882	2.61	-2.18	4.79	1	0	-3	-2.7	0
A8MXD5	K	3	D	0.1981	0.0310	0.1671	2.61	-0.69	3.3	1	0	-1	-1.2	1
A8MXD5	K	3	E	0.1981	0.0925	0.1056	2.61	0.58	2.03	1	0	1	-1.1	1
A8MXD5	K	3	F	0.1981	0.0212	0.1769	2.61	-2.14	4.75	1	0	-3	-2.3	1
A8MXD5	K	3	G	0.1981	0.0622	0.1359	2.61	-1.02	3.63	1	0	-2	-2.1	0
A8MXD5	K	3	H	0.1981	0.0135	0.1846	2.61	-0.60	3.21	1	0	-1	-1.7	0
A8MXD5	K	3	I	0.1981	0.0451	0.153	2.61	-2.17	4.78	1	0	-3	-2.5	1
A8MXD5	K	3	K	0	0	0	0	0	0	0	0	0	0	2
A8MXD5	K	3	L	0.1981	0.0531	0.145	2.61	-1.57	4.18	1	0	-2	-2.3	0
A8MXD5	K	3	M	0.1981	0.0140	0.1841	2.61	-0.86	3.47	1	0	-1	-2.2	1
A8MXD5	K	3	N	0.1981	0.0263	0.1718	2.61	0.02	2.59	1	0	0	-1.3	0
A8MXD5	K	3	P	0.1981	0.0258	0.1723	2.61	-0.90	3.51	1	0	-1	-1.5	1
A8MXD5	K	3	Q	0.1981	0.0263	0.1718	2.61	0.59	2.02	1	0	1	-1.1	1
A8MXD5	K	3	R	0.1981	0.2023	-0.004	2.61	1.47	1.14	1	0	2	-0.4	0
A8MXD5	K	3	S	0.1981	0.0370	0.1611	2.61	-0.13	2.74	1	0	0	-1.7	1
A8MXD5	K	3	T	0.1981	0.0343	0.1638	2.61	-0.76	3.37	1	0	-1	-1.6	0
A8MXD5	K	3	V	0.1981	0.0400	0.1581	2.61	-1.59	4.2	1	0	-2	-2.4	0
A8MXD5	K	3	W	0.1981	0.0074	0.1907	2.61	-2.10	4.71	1	0	-3	-2.1	0
A8MXD5	K	3	Y	0.1981	0.0177	0.1804	2.61	-1.48	4.09	1	0	-2	-1.4	0
A8MXD5	R	4	A	0.1325	0.0401	0.0924	1.39	-0.32	1.71	1	0	-1	-1.7	0
A8MXD5	R	4	C	0.1325	0.0093	0.1232	1.39	-1.67	3.06	1	0	-3	-2.3	1
A8MXD5	R	4	D	0.1325	0.0261	0.1064	1.39	-0.85	2.24	1	0	-2	-0.8	0
A8MXD5	R	4	E	0.1325	0.0353	0.0972	1.39	-0.06	1.45	1	0	0	-0.7	1
A8MXD5	R	4	F	0.1325	0.0202	0.1123	1.39	-1.90	3.29	1	0	-3	-1.9	1
A8MXD5	R	4	G	0.1325	0.0421	0.0904	1.39	-0.87	2.26	1	0	-2	-1.7	0
A8MXD5	R	4	H	0.1325	0.0129	0.1196	1.39	-0.51	1.9	1	0	0	-1.3	0
A8MXD5	R	4	I	0.1325	0.0339	0.0986	1.39	-1.82	3.21	1	0	-3	-2.1	0
A8MXD5	R	4	K	0.1325	0.1994	-0.0669	1.39	0.97	0.42	1	0	2	0.4	1
A8MXD5	R	4	L	0.1325	0.0608	0.0717	1.39	-1.39	2.78	1	0	-2	-1.9	0
A8MXD5	R	4	M	0.1325	0.0275	0.105	1.39	-0.74	2.13	1	0	-1	-1.8	1
A8MXD5	R	4	N	0.1325	0.0345	0.098	1.39	0.28	1.11	1	0	0	-0.9	1
A8MXD5	R	4	P	0.1325	0.0243	0.1082	1.39	-1.11	2.5	1	0	-2	-1.1	1
A8MXD5	R	4	Q	0.1325	0.0581	0.0744	1.39	0.29	1.1	1	0	1	-0.7	0
A8MXD5	R	4	R	0	0	0	0	0	0	0	0	0	0	2
A8MXD5	R	4	S	0.1325	0.0945	0.038	1.39	0.44	0.95	1	0	-1	-1.3	1
A8MXD5	R	4	T	0.1325	0.0850	0.0475	1.39	0.08	1.31	1	0	-1	-1.2	1
A8MXD5	R	4	V	0.1325	0.0393	0.0932	1.39	-1.60	2.99	1	0	-3	-2	1
A8MXD5	R	4	W	0.1325	0.0070	0.1255	1.39	-2.08	3.47	1	0	-3	-1.7	1
A8MXD5	R	4	Y	0.1325	0.0170	0.1155	1.39	-1.47	2.86	1	0	-2	-1	0
A8MXD5	E	5	A	0.1821	0.0423	0.1398	2.36	-0.75	3.11	1	0	-1	-1	1
A8MXD5	E	5	C	0.1821	0.0200	0.1621	2.36	-2.44	4.8	1	0	-4	-1.6	1
A8MXD5	E	5	D	0.1821	0.0445	0.1376	2.36	0.92	1.44	1	0	2	-0.1	1
A8MXD5	E	5	E	0	0	0	0	0	0	0	0	0	0	2
A8MXD5	E	5	F	0.1821	0.0203	0.1618	2.36	-1.98	4.34	1	0	-3	-1.2	1
A8MXD5	E	5	G	0.1821	0.0346	0.1475	2.36	-1.47	3.83	1	0	-2	-1	1
A8MXD5	E	5	H	0.1821	0.0219	0.1602	2.36	-0.30	2.66	1	0	0	-0.6	1
A8MXD5	E	5	I	0.1821	0.0365	0.1456	2.36	-1.82	4.18	1	0	-3	-1.4	0
A8MXD5	E	5	K	0.1821	0.0986	0.0835	2.36	0.51	1.85	1	0	1	1.1	0
A8MXD5	E	5	L	0.1821	0.0595	0.1226	2.36	-1.74	4.1	1	0	-3	-1.2	0
A8MXD5	E	5	M	0.1821	0.0516	0.1305	2.36	-0.90	3.26	1	0	-2	-1.1	0
A8MXD5	E	5	N	0.1821	0.0216	0.1605	2.36	-0.17	2.53	1	0	0	-0.2	0
A8MXD5	E	5	P	0.1821	0.0359	0.1462	2.36	-0.80	3.16	1	0	-1	-0.4	0
A8MXD5	E	5	Q	0.1821	0.1098	0.0723	2.36	1.19	1.17	1	0	2	0	0
A8MXD5	E	5	R	0.1821	0.0788	0.1033	2.36	-0.08	2.44	1	0	0	0.7	0
A8MXD5	E	5	S	0.1821	0.0347	0.1474	2.36	-0.14	2.5	1	0	0	-0.6	1
A8MXD5	E	5	T	0.1821	0.0332	0.1489	2.36	-0.72	3.08	1	0	-1	-0.5	0
A8MXD5	E	5	V	0.1821	0.0502	0.1319	2.36	-1.25	3.61	1	0	-2	-1.3	0
A8MXD5	E	5	W	0.1821	0.0071	0.175	2.36	-2.09	4.45	1	0	-3	-1	0
A8MXD5	E	5	Y	0.1821	0.0171	0.165	2.36	-1.39	3.75	1	0	-2	-0.3	0
A8MXD5	M	6	A	0.1128	0.0434	0.0694	1.64	-0.49	2.13	0	0	-1	0.1	1
A8MXD5	M	6	C	0.1128	0.0098	0.103	1.64	-0.92	2.56	0	0	-1	-0.5	1
A8MXD5	M	6	D	0.1128	0.0271	0.0857	1.64	-1.89	3.53	0	0	-3	1	1
A8MXD5	M	6	E	0.1128	0.0995	0.0133	1.64	-1.25	2.89	0	0	-2	1.1	1
A8MXD5	M	6	F	0.1128	0.0212	0.0916	1.64	-0.53	2.17	0	0	0	-0.1	1
A8MXD5	M	6	G	0.1128	0.0477	0.0651	1.64	-2.00	3.64	0	0	-3	0.1	0
A8MXD5	M	6	H	0.1128	0.0134	0.0994	1.64	-1.58	3.22	0	0	-2	0.5	0
A8MXD5	M	6	I	0.1128	0.0495	0.0633	1.64	0.72	0.92	0	0	1	-0.3	1
A8MXD5	M	6	K	0.1128	0.0559	0.0569	1.64	-0.88	2.52	0	0	-1	2.2	0
A8MXD5	M	6	L	0.1128	0.1272	-0.0144	1.64	0.84	0.8	0	0	2	-0.1	1
A8MXD5	M	6	M	0	0	0	0	0	0	0	0	0	0	2
A8MXD5	M	6	N	0.1128	0.0226	0.0902	1.64	-1.42	3.06	0	0	-2	0.9	0
A8MXD5	M	6	P	0.1128	0.0308	0.082	1.64	-1.42	3.06	0	0	-2	0.7	0
A8MXD5	M	6	Q	0.1128	0.0244	0.0884	1.64	-0.60	2.24	0	0	0	1.1	0
A8MXD5	M	6	R	0.1128	0.0756	0.0372	1.64	-0.96	2.6	0	0	-1	1.8	1
A8MXD5	M	6	S	0.1128	0.0560	0.0568	1.64	-0.78	2.42	0	0	-1	0.5	1
A8MXD5	M	6	T	0.1128	0.0554	0.0574	1.64	-0.27	1.91	0	0	-1	0.6	1
A8MXD5	M	6	V	0.1128	0.1025	0.0103	1.64	0.82	0.82	0	0	1	-0.2	1
A8MXD5	M	6	W	0.1128	0.0074	0.1054	1.64	-1.42	3.06	0	0	-1	0.1	1
A8MXD5	M	6	Y	0.1128	0.0178	0.095	1.64	-0.91	2.55	0	0	-1	0.8	1
A8MXD5	M	1	A	0.2218	0.0461	0.1757	2.70	-0.67	3.37	0	0	-1	0.1	0
A8MXD5	M	1	C	0.2218	0.0109	0.2109	2.70	-0.95	3.65	0	0	-1	-0.5	0
A8MXD5	M	1	D	0.2218	0.0301	0.1917	2.70	-1.56	4.26	0	0	-3	1	0
A8MXD5	M	1	E	0.2218	0.2037	0.0181	2.70	-0.69	3.39	0	0	-2	1.1	0
A8MXD5	M	1	F	0.2218	0.0235	0.1983	2.70	-0.28	2.98	0	0	0	-0.1	0
A8MXD5	M	1	G	0.2218	0.0389	0.1829	2.70	-1.93	4.63	0	0	-3	0.1	1
A8MXD5	M	1	H	0.2218	0.0148	0.207	2.70	-1.17	3.87	0	0	-2	0.5	1
A8MXD5	M	1	I	0.2218	0.0366	0.1852	2.70	0.31	2.39	0	0	1	-0.3	1
A8MXD5	M	1	K	0.2218	0.0374	0.1844	2.70	-0.49	3.19	0	0	-1	2.2	1
A8MXD5	M	1	L	0.2218	0.0597	0.1621	2.70	0.88	1.82	0	0	2	-0.1	0
A8MXD5	M	1	M	0	0	0	0	0	0	0	0	0	0	2
A8MXD5	M	1	N	0.2218	0.0250	0.1968	2.70	-1.17	3.87	0	0	-2	0.9	1
A8MXD5	M	1	P	0.2218	0.0283	0.1935	2.70	-1.25	3.95	0	0	-2	0.7	1
A8MXD5	M	1	Q	0.2218	0.0268	0.195	2.70	0.18	2.52	0	0	0	1.1	1
A8MXD5	M	1	R	0.2218	0.0345	0.1873	2.70	-0.59	3.29	0	0	-1	1.8	1
A8MXD5	M	1	S	0.2218	0.0403	0.1815	2.70	-0.58	3.28	0	0	-1	0.5	0
A8MXD5	M	1	T	0.2218	0.0379	0.1839	2.70	-0.67	3.37	0	0	-1	0.6	1
A8MXD5	M	1	V	0.2218	0.0558	0.166	2.70	0.41	2.29	0	0	1	-0.2	0
A8MXD5	M	1	W	0.2218	0.0082	0.2136	2.70	-0.87	3.57	0	0	-1	0.1	1
A8MXD5	M	1	Y	0.2218	0.0197	0.2021	2.70	-0.77	3.47	0	0	-1	0.8	0
A8MXD5	L	2	A	0.1617	0.0458	0.1159	0.80	-0.89	1.69	0	0	-1	0.2	0
A8MXD5	L	2	C	0.1617	0.0108	0.1509	0.80	-1.38	2.18	0	0	-1	-0.4	1
A8MXD5	L	2	D	0.1617	0.0768	0.0849	0.80	-1.49	2.29	0	0	-4	1.1	1
A8MXD5	L	2	E	0.1617	0.2040	-0.0423	0.80	-0.72	1.52	0	0	-3	1.2	0
A8MXD5	L	2	F	0.1617	0.0786	0.0831	0.80	0.54	0.26	0	0	0	0	0
A8MXD5	L	2	G	0.1617	0.0386	0.1231	0.80	-2.22	3.02	0	0	-4	0.2	0
A8MXD5	L	2	H	0.1617	0.0200	0.1417	0.80	-1.17	1.97	0	0	-3	0.6	1
A8MXD5	L	2	I	0.1617	0.0363	0.1254	0.80	0.14	0.66	0	0	2	-0.2	0
A8MXD5	L	2	K	0.1617	0.0479	0.1138	0.80	-1.04	1.84	0	0	-2	2.3	1
A8MXD5	L	2	L	0	0	0	0	0	0	0	0	0	0	2
A8MXD5	L	2	M	0.1617	0.0156	0.1461	0.80	0.31	0.49	0	0	2	0.1	1
A8MXD5	L	2	N	0.1617	0.0249	0.1368	0.80	-1.52	2.32	0	0	-3	1	0
A8MXD5	L	2	P	0.1617	0.0281	0.1336	0.80	-1.90	2.7	0	0	-3	0.8	1
A8MXD5	L	2	Q	0.1617	0.0266	0.1351	0.80	-0.89	1.69	0	0	-2	1.2	0
A8MXD5	L	2	R	0.1617	0.0343	0.1274	0.80	-1.22	2.02	0	0	-2	1.9	0
A8MXD5	L	2	S	0.1617	0.0400	0.1217	0.80	-1.03	1.83	0	0	-2	0.6	0
A8MXD5	L	2	T	0.1617	0.0377	0.124	0.80	-0.87	1.67	0	0	-1	0.7	1
A8MXD5	L	2	V	0.1617	0.0448	0.1169	0.80	-0.22	1.02	0	0	1	-0.1	1
A8MXD5	L	2	W	0.1617	0.0081	0.1536	0.80	-1.03	1.83	0	0	-2	0.2	0
A8MXD5	L	2	Y	0.1617	0.0195	0.1422	0.80	-0.15	0.95	0	0	-1	0.9	1
A8MXD5	K	3	A	0.1981	0.0424	0.1557	2.61	-0.67	3.28	1	0	-1	-2.1	1
A8MXD5	K	3	C	0.1981	0.0099	0.1882	2.61	-2.18	4.79	1	0	-3	-2.7	0
A8MXD5	K	3	D	0.1981	0.0310	0.1671	2.61	-0.69	3.3	1	0	-1	-1.2	1
A8MXD5	K	3	E	0.1981	0.0925	0.1056	2.61	0.58	2.03	1	0	1	-1.1	1
A8MXD5	K	3	F	0.1981	0.0212	0.1769	2.61	-2.14	4.75	1	0	-3	-2.3	1
A8MXD5	K	3	G	0.1981	0.0622	0.1359	2.61	-1.02	3.63	1	0	-2	-2.1	0
A8MXD5	K	3	H	0.1981	0.0135	0.1846	2.61	-0.60	3.21	1	0	-1	-1.7	0
A8MXD5	K	3	I	0.1981	0.0451	0.153	2.61	-2.17	4.78	1	0	-3	-2.5	1
A8MXD5	K	3	K	0	0	0	0	0	0	0	0	0	0	2
A8MXD5	K	3	L	0.1981	0.0531	0.145	2.61	-1.57	4.18	1	0	-2	-2.3	0
A8MXD5	K	3	M	0.1981	0.0140	0.1841	2.61	-0.86	3.47	1	0	-1	-2.2	1
A8MXD5	K	3	N	0.1981	0.0263	0.1718	2.61	0.02	2.59	1	0	0	-1.3	0
A8MXD5	K	3	P	0.1981	0.0258	0.1723	2.61	-0.90	3.51	1	0	-1	-1.5	1
A8MXD5	K	3	Q	0.1981	0.0263	0.1718	2.61	0.59	2.02	1	0	1	-1.1	1
A8MXD5	K	3	R	0.1981	0.2023	-0.004	2.61	1.47	1.14	1	0	2	-0.4	0
A8MXD5	K	3	S	0.1981	0.0370	0.1611	2.61	-0.13	2.74	1	0	0	-1.7	1
A8MXD5	K	3	T	0.1981	0.0343	0.1638	2.61	-0.76	3.37	1	0	-1	-1.6	0
A8MXD5	K	3	V	0.1981	0.0400	0.1581	2.61	-1.59	4.2	1	0	-2	-2.4	0
A8MXD5	K	3	W	0.1981	0.0074	0.1907	2.61	-2.10	4.71	1	0	-3	-2.1	0
A8MXD5	K	3	Y	0.1981	0.0177	0.1804	2.61	-1.48	4.09	1	0	-2	-1.4	0
A8MXD5	R	4	A	0.1325	0.0401	0.0924	1.39	-0.32	1.71	1	0	-1	-1.7	0
A8MXD5	R	4	C	0.1325	0.0093	0.1232	1.39	-1.67	3.06	1	0	-3	-2.3	1
A8MXD5	R	4	D	0.1325	0.0261	0.1064	1.39	-0.85	2.24	1	0	-2	-0.8	0
A8MXD5	R	4	E	0.1325	0.0353	0.0972	1.39	-0.06	1.45	1	0	0	-0.7	1
A8MXD5	R	4	F	0.1325	0.0202	0.1123	1.39	-1.90	3.29	1	0	-3	-1.9	1
A8MXD5	R	4	G	0.1325	0.0421	0.0904	1.39	-0.87	2.26	1	0	-2	-1.7	0
A8MXD5	R	4	H	0.1325	0.0129	0.1196	1.39	-0.51	1.9	1	0	0	-1.3	0
A8MXD5	R	4	I	0.1325	0.0339	0.0986	1.39	-1.82	3.21	1	0	-3	-2.1	0
A8MXD5	R	4	K	0.1325	0.1994	-0.0669	1.39	0.97	0.42	1	0	2	0.4	1
A8MXD5	R	4	L	0.1325	0.0608	0.0717	1.39	-1.39	2.78	1	0	-2	-1.9	0
A8MXD5	R	4	M	0.1325	0.0275	0.105	1.39	-0.74	2.13	1	0	-1	-1.8	1
A8MXD5	R	4	N	0.1325	0.0345	0.098	1.39	0.28	1.11	1	0	0	-0.9	1
A8MXD5	R	4	P	0.1325	0.0243	0.1082	1.39	-1.11	2.5	1	0	-2	-1.1	1
A8MXD5	R	4	Q	0.1325	0.0581	0.0744	1.39	0.29	1.1	1	0	1	-0.7	0
A8MXD5	R	4	R	0	0	0	0	0	0	0	0	0	0	2
A8MXD5	R	4	S	0.1325	0.0945	0.038	1.39	0.44	0.95	1	0	-1	-1.3	1
A8MXD5	R	4	T	0.1325	0.0850	0.0475	1.39	0.08	1.31	1	0	-1	-1.2	1
A8MXD5	R	4	V	0.1325	0.0393	0.0932	1.39	-1.60	2.99	1	0	-3	-2	1
A8MXD5	R	4	W	0.1325	0.0070	0.1255	1.39	-2.08	3.47	1	0	-3	-1.7	1
A8MXD5	R	4	Y	0.1325	0.0170	0.1155	1.39	-1.47	2.86	1	0	-2	-1	0
A8MXD5	E	5	A	0.1821	0.0423	0.1398	2.36	-0.75	3.11	1	0	-1	-1	1
A8MXD5	E	5	C	0.1821	0.0200	0.1621	2.36	-2.44	4.8	1	0	-4	-1.6	1
A8MXD5	E	5	D	0.1821	0.0445	0.1376	2.36	0.92	1.44	1	0	2	-0.1	1
A8MXD5	E	5	E	0	0	0	0	0	0	0	0	0	0	2
A8MXD5	E	5	F	0.1821	0.0203	0.1618	2.36	-1.98	4.34	1	0	-3	-1.2	1
A8MXD5	E	5	G	0.1821	0.0346	0.1475	2.36	-1.47	3.83	1	0	-2	-1	1
A8MXD5	E	5	H	0.1821	0.0219	0.1602	2.36	-0.30	2.66	1	0	0	-0.6	1
A8MXD5	E	5	I	0.1821	0.0365	0.1456	2.36	-1.82	4.18	1	0	-3	-1.4	0
A8MXD5	E	5	K	0.1821	0.0986	0.0835	2.36	0.51	1.85	1	0	1	1.1	0
A8MXD5	E	5	L	0.1821	0.0595	0.1226	2.36	-1.74	4.1	1	0	-3	-1.2	0
A8MXD5	E	5	M	0.1821	0.0516	0.1305	2.36	-0.90	3.26	1	0	-2	-1.1	0
A8MXD5	E	5	N	0.1821	0.0216	0.1605	2.36	-0.17	2.53	1	0	0	-0.2	0
A8MXD5	E	5	P	0.1821	0.0359	0.1462	2.36	-0.80	3.16	1	0	-1	-0.4	0
A8MXD5	E	5	Q	0.1821	0.1098	0.0723	2.36	1.19	1.17	1	0	2	0	0
A8MXD5	E	5	R	0.1821	0.0788	0.1033	2.36	-0.08	2.44	1	0	0	0.7	0
A8MXD5	E	5	S	0.1821	0.0347	0.1474	2.36	-0.14	2.5	1	0	0	-0.6	1
A8MXD5	E	5	T	0.1821	0.0332	0.1489	2.36	-0.72	3.08	1	0	-1	-0.5	0
A8MXD5	E	5	V	0.1821	0.0502	0.1319	2.36	-1.25	3.61	1	0	-2	-1.3	0
A8MXD5	E	5	W	0.1821	0.0071	0.175	2.36	-2.09	4.45	1	0	-3	-1	0
A8MXD5	E	5	Y	0.1821	0.0171	0.165	2.36	-1.39	3.75	1	0	-2	-0.3	0
A8MXD5	M	6	A	0.1128	0.0434	0.0694	1.64	-0.49	2.13	0	0	-1	0.1	1
A8MXD5	M	6	C	0.1128	0.0098	0.103	1.64	-0.92	2.56	0	0	-1	-0.5	1
A8MXD5	M	6	D	0.1128	0.0271	0.0857	1.64	-1.89	3.53	0	0	-3	1	1
A8MXD5	M	6	E	0.1128	0.0995	0.0133	1.64	-1.25	2.89	0	0	-2	1.1	1
A8MXD5	M	6	F	0.1128	0.0212	0.0916	1.64	-0.53	2.17	0	0	0	-0.1	1
A8MXD5	M	6	G	0.1128	0.0477	0.0651	1.64	-2.00	3.64	0	0	-3	0.1	0
A8MXD5	M	6	H	0.1128	0.0134	0.0994	1.64	-1.58	3.22	0	0	-2	0.5	0
A8MXD5	M	6	I	0.1128	0.0495	0.0633	1.64	0.72	0.92	0	0	1	-0.3	1
A8MXD5	M	6	K	0.1128	0.0559	0.0569	1.64	-0.88	2.52	0	0	-1	2.2	0
A8MXD5	M	6	L	0.1128	0.1272	-0.0144	1.64	0.84	0.8	0	0	2	-0.1	1
A8MXD5	M	6	M	0	0	0	0	0	0	0	0	0	0	2
A8MXD5	M	6	N	0.1128	0.0226	0.0902	1.64	-1.42	3.06	0	0	-2	0.9	0
A8MXD5	M	6	P	0.1128	0.0308	0.082	1.64	-1.42	3.06	0	0	-2	0.7	0
A8MXD5	M	6	Q	0.1128	0.0244	0.0884	1.64	-0.60	2.24	0	0	0	1.1	0
A8MXD5	M	6	R	0.1128	0.0756	0.0372	1.64	-0.96	2.6	0	0	-1	1.8	1
A8MXD5	M	6	S	0.1128	0.0560	0.0568	1.64	-0.78	2.42	0	0	-1	0.5	1
A8MXD5	M	6	T	0.1128	0.0554	0.0574	1.64	-0.27	1.91	0	0	-1	0.6	1
A8MXD5	M	6	V	0.1128	0.1025	0.0103	1.64	0.82	0.82	0	0	1	-0.2	1
A8MXD5	M	6	W	0.1128	0.0074	0.1054	1.64	-1.42	3.06	0	0	-1	0.1	1
A8MXD5	M	6	Y	0.1128	0.0178	0.095	1.64	-0.91	2.55	0	0	-1	0.8	1
A8MXD5	M	1	A	0.2218	0.0461	0.1757	2.70	-0.67	3.37	0	0	-1	0.1	0
A8MXD5	M	1	C	0.2218	0.0109	0.2109	2.70	-0.95	3.65	0	0	-1	-0.5	0
A8MXD5	M	1	D	0.2218	0.0301	0.1917	2.70	-1.56	4.26	0	0	-3	1	0
A8MXD5	M	1	E	0.2218	0.2037	0.0181	2.70	-0.69	3.39	0	0	-2	1.1	0
A8MXD5	M	1	F	0.2218	0.0235	0.1983	2.70	-0.28	2.98	0	0	0	-0.1	0
A8MXD5	M	1	G	0.2218	0.0389	0.1829	2.70	-1.93	4.63	0	0	-3	0.1	1
A8MXD5	M	1	H	0.2218	0.0148	0.207	2.70	-1.17	3.87	0	0	-2	0.5	1
A8MXD5	M	1	I	0.2218	0.0366	0.1852	2.70	0.31	2.39	0	0	1	-0.3	1
A8MXD5	M	1	K	0.2218	0.0374	0.1844	2.70	-0.49	3.19	0	0	-1	2.2	1
A8MXD5	M	1	L	0.2218	0.0597	0.1621	2.70	0.88	1.82	0	0	2	-0.1	0
A8MXD5	M	1	M	0	0	0	0	0	0	0	0	0	0	2
A8MXD5	M	1	N	0.2218	0.0250	0.1968	2.70	-1.17	3.87	0	0	-2	0.9	1
A8MXD5	M	1	P	0.2218	0.0283	0.1935	2.70	-1.25	3.95	0	0	-2	0.7	1
A8MXD5	M	1	Q	0.2218	0.0268	0.195	2.70	0.18	2.52	0	0	0	1.1	1
A8MXD5	M	1	R	0.2218	0.0345	0.1873	2.70	-0.59	3.29	0	0	-1	1.8	1
A8MXD5	M	1	S	0.2218	0.0403	0.1815	2.70	-0.58	3.28	0	0	-1	0.5	0
A8MXD5	M	1	T	0.2218	0.0379	0.1839	2.70	-0.67	3.37	0	0	-1	0.6	1
A8MXD5	M	1	V	0.2218	0.0558	0.166	2.70	0.41	2.29	0	0	1	-0.2	0
A8MXD5	M	1	W	0.2218	0.0082	0.2136	2.70	-0.87	3.57	0	0	-1	0.1	1
A8MXD5	M	1	Y	0.2218	0.0197	0.2021	2.70	-0.77	3.47	0	0	-1	0.8	0
A8MXD5	L	2	A	0.1617	0.0458	0.1159	0.80	-0.89	1.69	0	0	-1	0.2	0
A8MXD5	L	2	C	0.1617	0.0108	0.1509	0.80	-1.38	2.18	0	0	-1	-0.4	1
A8MXD5	L	2	D	0.1617	0.0768	0.0849	0.80	-1.49	2.29	0	0	-4	1.1	1
A8MXD5	L	2	E	0.1617	0.2040	-0.0423	0.80	-0.72	1.52	0	0	-3	1.2	0
A8MXD5	L	2	F	0.1617	0.0786	0.0831	0.80	0.54	0.26	0	0	0	0	0
A8MXD5	L	2	G	0.1617	0.0386	0.1231	0.80	-2.22	3.02	0	0	-4	0.2	0
A8MXD5	L	2	H	0.1617	0.0200	0.1417	0.80	-1.17	1.97	0	0	-3	0.6	1
A8MXD5	L	2	I	0.1617	0.0363	0.1254	0.80	0.14	0.66	0	0	2	-0.2	0
A8MXD5	L	2	K	0.1617	0.0479	0.1138	0.80	-1.04	1.84	0	0	-2	2.3	1
A8MXD5	L	2	L	0	0	0	0	0	0	0	0	0	0	2
A8MXD5	L	2	M	0.1617	0.0156	0.1461	0.80	0.31	0.49	0	0	2	0.1	1
A8MXD5	L	2	N	0.1617	0.0249	0.1368	0.80	-1.52	2.32	0	0	-3	1	0
A8MXD5	L	2	P	0.1617	0.0281	0.1336	0.80	-1.90	2.7	0	0	-3	0.8	1
A8MXD5	L	2	Q	0.1617	0.0266	0.1351	0.80	-0.89	1.69	0	0	-2	1.2	0
A8MXD5	L	2	R	0.1617	0.0343	0.1274	0.80	-1.22	2.02	0	0	-2	1.9	0
A8MXD5	L	2	S	0.1617	0.0400	0.1217	0.80	-1.03	1.83	0	0	-2	0.6	0
A8MXD5	L	2	T	0.1617	0.0377	0.124	0.80	-0.87	1.67	0	0	-1	0.7	1
A8MXD5	L	2	V	0.1617	0.0448	0.1169	0.80	-0.22	1.02	0	0	1	-0.1	1
A8MXD5	L	2	W	0.1617	0.0081	0.1536	0.80	-1.03	1.83	0	0	-2	0.2	0
A8MXD5	L	2	Y	0.1617	0.0195	0.1422	0.80	-0.15	0.95	0	0	-1	0.9	1
A8MXD5	K	3	A	0.1981	0.0424	0.1557	2.61	-0.67	3.28	1	0	-1	-2.1	1
A8MXD5	K	3	C	0.1981	0.0099	0.1882	2.61	-2.18	4.79	1	0	-3	-2.7	0
A8MXD5	K	3	D	0.1981	0.0310	0.1671	2.61	-0.69	3.3	1	0	-1	-1.2	1
A8MXD5	K	3	E	0.1981	0.0925	0.1056	2.61	0.58	2.03	1	0	1	-1.1	1
A8MXD5	K	3	F	0.1981	0.0212	0.1769	2.61	-2.14	4.75	1	0	-3	-2.3	1
A8MXD5	K	3	G	0.1981	0.0622	0.1359	2.61	-1.02	3.63	1	0	-2	-2.1	0
A8MXD5	K	3	H	0.1981	0.0135	0.1846	2.61	-0.60	3.21	1	0	-1	-1.7	0
A8MXD5	K	3	I	0.1981	0.0451	0.153	2.61	-2.17	4.78	1	0	-3	-2.5	1
A8MXD5	K	3	K	0	0	0	0	0	0	0	0	0	0	2
A8MXD5	K	3	L	0.1981	0.0531	0.145	2.61	-1.57	4.18	1	0	-2	-2.3	0
A8MXD5	K	3	M	0.1981	0.0140	0.1841	2.61	-0.86	3.47	1	0	-1	-2.2	1
A8MXD5	K	3	N	0.1981	0.0263	0.1718	2.61	0.02	2.59	1	0	0	-1.3	0
A8MXD5	K	3	P	0.1981	0.0258	0.1723	2.61	-0.90	3.51	1	0	-1	-1.5	1
A8MXD5	K	3	Q	0.1981	0.0263	0.1718	2.61	0.59	2.02	1	0	1	-1.1	1
A8MXD5	K	3	R	0.1981	0.2023	-0.004	2.61	1.47	1.14	1	0	2	-0.4	0
A8MXD5	K	3	S	0.1981	0.0370	0.1611	2.61	-0.13	2.74	1	0	0	-1.7	1
A8MXD5	K	3	T	0.1981	0.0343	0.1638	2.61	-0.76	3.37	1	0	-1	-1.6	0
A8MXD5	K	3	V	0.1981	0.0400	0.1581	2.61	-1.59	4.2	1	0	-2	-2.4	0
A8MXD5	K	3	W	0.1981	0.0074	0.1907	2.61	-2.10	4.71	1	0	-3	-2.1	0
A8MXD5	K	3	Y	0.1981	0.0177	0.1804	2.61	-1.48	4.09	1	0	-2	-1.4	0
A8MXD5	R	4	A	0.1325	0.0401	0.0924	1.39	-0.32	1.71	1	0	-1	-1.7	0
A8MXD5	R	4	C	0.1325	0.0093	0.1232	1.39	-1.67	3.06	1	0	-3	-2.3	1
A8MXD5	R	4	D	0.1325	0.0261	0.1064	1.39	-0.85	2.24	1	0	-2	-0.8	0
A8MXD5	R	4	E	0.1325	0.0353	0.0972	1.39	-0.06	1.45	1	0	0	-0.7	1
A8MXD5	R	4	F	0.1325	0.0202	0.1123	1.39	-1.90	3.29	1	0	-3	-1.9	1
A8MXD5	R	4	G	0.1325	0.0421	0.0904	1.39	-0.87	2.26	1	0	-2	-1.7	0
A8MXD5	R	4	H	0.1325	0.0129	0.1196	1.39	-0.51	1.9	1	0	0	-1.3	0
A8MXD5	R	4	I	0.1325	0.0339	0.0986	1.39	-1.82	3.21	1	0	-3	-2.1	0
A8MXD5	R	4	K	0.1325	0.1994	-0.0669	1.39	0.97	0.42	1	0	2	0.4	1
A8MXD5	R	4	L	0.1325	0.0608	0.0717	1.39	-1.39	2.78	1	0	-2	-1.9	0
A8MXD5	R	4	M	0.1325	0.0275	0.105	1.39	-0.74	2.13	1	0	-1	-1.8	1
A8MXD5	R	4	N	0.1325	0.0345	0.098	1.39	0.28	1.11	1	0	0	-0.9	1
A8MXD5	R	4	P	0.1325	0.0243	0.1082	1.39	-1.11	2.5	1	0	-2	-1.1	1
A8MXD5	R	4	Q	0.1325	0.0581	0.0744	1.39	0.29	1.1	1	0	1	-0.7	0
A8MXD5	R	4	R	0	0	0	0	0	0	0	0	0	0	2
A8MXD5	R	4	S	0.1325	0.0945	0.038	1.39	0.44	0.95	1	0	-1	-1.3	1
A8MXD5	R	4	T	0.1325	0.0850	0.0475	1.39	0.08	1.31	1	0	-1	-1.2	1
A8MXD5	R	4	V	0.1325	0.0393	0.0932	1.39	-1.60	2.99	1	0	-3	-2	1
A8MXD5	R	4	W	0.1325	0.0070	0.1255	1.39	-2.08	3.47	1	0	-3	-1.7	1
A8MXD5	R	4	Y	0.1325	0.0170	0.1155	1.39	-1.47	2.86	1	0	-2	-1	0
A8MXD5	E	5	A	0.1821	0.0423	0.1398	2.36	-0.75	3.11	1	0	-1	-1	1
A8MXD5	E	5	C	0.1821	0.0200	0.1621	2.36	-2.44	4.8	1	0	-4	-1.6	1
A8MXD5	E	5	D	0.1821	0.0445	0.1376	2.36	0.92	1.44	1	0	2	-0.1	1
A8MXD5	E	5	E	0	0	0	0	0	0	0	0	0	0	2
A8MXD5	E	5	F	0.1821	0.0203	0.1618	2.36	-1.98	4.34	1	0	-3	-1.2	1
A8MXD5	E	5	G	0.1821	0.0346	0.1475	2.36	-1.47	3.83	1	0	-2	-1	1
A8MXD5	E	5	H	0.1821	0.0219	0.1602	2.36	-0.30	2.66	1	0	0	-0.6	1
A8MXD5	E	5	I	0.1821	0.0365	0.1456	2.36	-1.82	4.18	1	0	-3	-1.4	0
A8MXD5	E	5	K	0.1821	0.0986	0.0835	2.36	0.51	1.85	1	0	1	1.1	0
A8MXD5	E	5	L	0.1821	0.0595	0.1226	2.36	-1.74	4.1	1	0	-3	-1.2	0
A8MXD5	E	5	M	0.1821	0.0516	0.1305	2.36	-0.90	3.26	1	0	-2	-1.1	0
A8MXD5	E	5	N	0.1821	0.0216	0.1605	2.36	-0.17	2.53	1	0	0	-0.2	0
A8MXD5	E	5	P	0.1821	0.0359	0.1462	2.36	-0.80	3.16	1	0	-1	-0.4	0
A8MXD5	E	5	Q	0.1821	0.1098	0.0723	2.36	1.19	1.17	1	0	2	0	0
A8MXD5	E	5	R	0.1821	0.0788	0.1033	2.36	-0.08	2.44	1	0	0	0.7	0
A8MXD5	E	5	S	0.1821	0.0347	0.1474	2.36	-0.14	2.5	1	0	0	-0.6	1
A8MXD5	E	5	T	0.1821	0.0332	0.1489	2.36	-0.72	3.08	1	0	-1	-0.5	0
A8MXD5	E	5	V	0.1821	0.0502	0.1319	2.36	-1.25	3.61	1	0	-2	-1.3	0
A8MXD5	E	5	W	0.1821	0.0071	0.175	2.36	-2.09	4.45	1	0	-3	-1	0
A8MXD5	E	5	Y	0.1821	0.0171	0.165	2.36	-1.39	3.75	1	0	-2	-0.3	0
A8MXD5	M	6	A	0.1128	0.0434	0.0694	1.64	-0.49	2.13	0	0	-1	0.1	1
A8MXD5	M	6	C	0.1128	0.0098	0.103	1.64	-0.92	2.56	0	0	-1	-0.5	1
A8MXD5	M	6	D	0.1128	0.0271	0.0857	1.64	-1.89	3.53	0	0	-3	1	1
A8MXD5	M	6	E	0.1128	0.0995	0.0133	1.64	-1.25	2.89	0	0	-2	1.1	1
A8MXD5	M	6	F	0.1128	0.0212	0.0916	1.64	-0.53	2.17	0	0	0	-0.1	1
A8MXD5	M	6	G	0.1128	0.0477	0.0651	1.64	-2.00	3.64	0	0	-3	0.1	0
A8MXD5	M	6	H	0.1128	0.0134	0.0994	1.64	-1.58	3.22	0	0	-2	0.5	0
A8MXD5	M	6	I	0.1128	0.0495	0.0633	1.64	0.72	0.92	0	0	1	-0.3	1
A8MXD5	M	6	K	0.1128	0.0559	0.0569	1.64	-0.88	2.52	0	0	-1	2.2	0
A8MXD5	M	6	L	0.1128	0.1272	-0.0144	1.64	0.84	0.8	0	0	2	-0.1	1
A8MXD5	M	6	M	0	0	0	0	0	0	0	0	0	0	2
A8MXD5	M	6	N	0.1128	0.0226	0.0902	1.64	-1.42	3.06	0	0	-2	0.9	0
A8MXD5	M	6	P	0.1128	0.0308	0.082	1.64	-1.42	3.06	0	0	-2	0.7	0
A8MXD5	M	6	Q	0.1128	0.0244	0.0884	1.64	-0.60	2.24	0	0	0	1.1	0
A8MXD5	M	6	R	0.1128	0.0756	0.0372	1.64	-0.96	2.6	0	0	-1	1.8	1
A8MXD5	M	6	S	0.1128	0.0560	0.0568	1.64	-0.78	2.42	0	0	-1	0.5	1
A8MXD5	M	6	T	0.1128	0.0554	0.0574	1.64	-0.27	1.91	0	0	-1	0.6	1
A8MXD5	M	6	V	0.1128	0.1025	0.0103	1.64	0.82	0.82	0	0	1	-0.2	1
A8MXD5	M	6	W	0.1128	0.0074	0.1054	1.64	-1.42	3.06	0	0	-1	0.1	1
A8MXD5	M	6	Y	0.1128	0.0178	0.095	1.64	-0.91	2.55	0	0	-1	0.8	1
A8MXD5	M	1	A	0.2218	0.0461	0.1757	2.70	-0.67	3.37	0	0	-1	0.1	0
A8MXD5	M	1	C	0.2218	0.0109	0.2109	2.70	-0.95	3.65	0	0	-1	-0.5	0
A8MXD5	M	1	D	0.2218	0.0301	0.1917	2.70	-1.56	4.26	0	0	-3	1	0
A8MXD5	M	1	E	0.2218	0.2037	0.0181	2.70	-0.69	3.39	0	0	-2	1.1	0
A8MXD5	M	1	F	0.2218	0.0235	0.1983	2.70	-0.28	2.98	0	0	0	-0.1	0
A8MXD5	M	1	G	0.2218	0.0389	0.1829	2.70	-1.93	4.63	0	0	-3	0.1	1
A8MXD5	M	1	H	0.2218	0.0148	0.207	2.70	-1.17	3.87	0	0	-2	0.5	1
A8MXD5	M	1	I	0.2218	0.0366	0.1852	2.70	0.31	2.39	0	0	1	-0.3	1
A8MXD5	M	1	K	0.2218	0.0374	0.1844	2.70	-0.49	3.19	0	0	-1	2.2	1
A8MXD5	M	1	L	0.2218	0.0597	0.1621	2.70	0.88	1.82	0	0	2	-0.1	0
A8MXD5	M	1	M	0	0	0	0	0	0	0	0	0	0	2
A8MXD5	M	1	N	0.2218	0.0250	0.1968	2.70	-1.17	3.87	0	0	-2	0.9	1
A8MXD5	M	1	P	0.2218	0.0283	0.1935	2.70	-1.25	3.95	0	0	-2	0.7	1
A8MXD5	M	1	Q	0.2218	0.0268	0.195	2.70	0.18	2.52	0	0	0	1.1	1
A8MXD5	M	1	R	0.2218	0.0345	0.1873	2.70	-0.59	3.29	0	0	-1	1.8	1
A8MXD5	M	1	S	0.2218	0.0403	0.1815	2.70	-0.58	3.28	0	0	-1	0.5	0
A8MXD5	M	1	T	0.2218	0.0379	0.1839	2.70	-0.67	3.37	0	0	-1	0.6	1
A8MXD5	M	1	V	0.2218	0.0558	0.166	2.70	0.41	2.29	0	0	1	-0.2	0
A8MXD5	M	1	W	0.2218	0.0082	0.2136	2.70	-0.87	3.57	0	0	-1	0.1	1
A8MXD5	M	1	Y	0.2218	0.0197	0.2021	2.70	-0.77	3.47	0	0	-1	0.8	0
A8MXD5	L	2	A	0.1617	0.0458	0.1159	0.80	-0.89	1.69	0	0	-1	0.2	0
A8MXD5	L	2	C	0.1617	0.0108	0.1509	0.80	-1.38	2.18	0	0	-1	-0.4	1
A8MXD5	L	2	D	0.1617	0.0768	0.0849	0.80	-1.49	2.29	0	0	-4	1.1	1
A8MXD5	L	2	E	0.1617	0.2040	-0.0423	0.80	-0.72	1.52	0	0	-3	1.2	0
A8MXD5	L	2	F	0.1617	0.0786	0.0831	0.80	0.54	0.26	0	0	0	0	0
A8MXD5	L	2	G	0.1617	0.0386	0.1231	0.80	-2.22	3.02	0	0	-4	0.2	0
A8MXD5	L	2	H	0.1617	0.0200	0.1417	0.80	-1.17	1.97	0	0	-3	0.6	1
A8MXD5	L	2	I	0.1617	0.0363	0.1254	0.80	0.14	0.66	0	0	2	-0.2	0
A8MXD5	L	2	K	0.1617	0.0479	0.1138	0.80	-1.04	1.84	0	0	-2	2.3	1
A8MXD5	L	2	L	0	0	0	0	0	0	0	0	0	0	2
A8MXD5	L	2	M	0.1617	0.0156	0.1461	0.80	0.31	0.49	0	0	2	0.1	1
A8MXD5	L	2	N	0.1617	0.0249	0.1368	0.80	-1.52	2.32	0	0	-3	1	0
A8MXD5	L	2	P	0.1617	0.0281	0.1336	0.80	-1.90	2.7	0	0	-3	0.8	1
A8MXD5	L	2	Q	0.1617	0.0266	0.1351	0.80	-0.89	1.69	0	0	-2	1.2	0
A8MXD5	L	2	R	0.1617	0.0343	0.1274	0.80	-1.22	2.02	0	0	-2	1.9	0
A8MXD5	L	2	S	0.1617	0.0400	0.1217	0.80	-1.03	1.83	0	0	-2	0.6	0
A8MXD5	L	2	T	0.1617	0.0377	0.124	0.80	-0.87	1.67	0	0	-1	0.7	1
A8MXD5	L	2	V	0.1617	0.0448	0.1169	0.80	-0.22	1.02	0	0	1	-0.1	1
A8MXD5	L	2	W	0.1617	0.0081	0.1536	0.80	-1.03	1.83	0	0	-2	0.2	0
A8MXD5	L	2	Y	0.1617	0.0195	0.1422	0.80	-0.15	0.95	0	0	-1	0.9	1
A8MXD5	K	3	A	0.1981	0.0424	0.1557	2.61	-0.67	3.28	1	0	-1	-2.1	1
A8MXD5	K	3	C	0.1981	0.0099	0.1882	2.61	-2.18	4.79	1	0	-3	-2.7	0
A8MXD5	K	3	D	0.1981	0.0310	0.1671	2.61	-0.69	3.3	1	0	-1	-1.2	1
A8MXD5	K	3	E	0.1981	0.0925	0.1056	2.61	0.58	2.03	1	0	1	-1.1	1
A8MXD5	K	3	F	0.1981	0.0212	0.1769	2.61	-2.14	4.75	1	0	-3	-2.3	1
A8MXD5	K	3	G	0.1981	0.0622	0.1359	2.61	-1.02	3.63	1	0	-2	-2.1	0
A8MXD5	K	3	H	0.1981	0.0135	0.1846	2.61	-0.60	3.21	1	0	-1	-1.7	0
A8MXD5	K	3	I	0.1981	0.0451	0.153	2.61	-2.17	4.78	1	0	-3	-2.5	1
A8MXD5	K	3	K	0	0	0	0	0	0	0	0	0	0	2
A8MXD5	K	3	L	0.1981	0.0531	0.145	2.61	-1.57	4.18	1	0	-2	-2.3	0
A8MXD5	K	3	M	0.1981	0.0140	0.1841	2.61	-0.86	3.47	1	0	-1	-2.2	1
A8MXD5	K	3	N	0.1981	0.0263	0.1718	2.61	0.02	2.59	1	0	0	-1.3	0
A8MXD5	K	3	P	0.1981	0.0258	0.1723	2.61	-0.90	3.51	1	0	-1	-1.5	1
A8MXD5	K	3	Q	0.1981	0.0263	0.1718	2.61	0.59	2.02	1	0	1	-1.1	1
A8MXD5	K	3	R	0.1981	0.2023	-0.004	2.61	1.47	1.14	1	0	2	-0.4	0
A8MXD5	K	3	S	0.1981	0.0370	0.1611	2.61	-0.13	2.74	1	0	0	-1.7	1
A8MXD5	K	3	T	0.1981	0.0343	0.1638	2.61	-0.76	3.37	1	0	-1	-1.6	0
A8MXD5	K	3	V	0.1981	0.0400	0.1581	2.61	-1.59	4.2	1	0	-2	-2.4	0
A8MXD5	K	3	W	0.1981	0.0074	0.1907	2.61	-2.10	4.71	1	0	-3	-2.1	0
A8MXD5	K	3	Y	0.1981	0.0177	0.1804	2.61	-1.48	4.09	1	0	-2	-1.4	0
A8MXD5	R	4	A	0.1325	0.0401	0.0924	1.39	-0.32	1.71	1	0	-1	-1.7	0
A8MXD5	R	4	C	0.1325	0.0093	0.1232	1.39	-1.67	3.06	1	0	-3	-2.3	1
A8MXD5	R	4	D	0.1325	0.0261	0.1064	1.39	-0.85	2.24	1	0	-2	-0.8	0
A8MXD5	R	4	E	0.1325	0.0353	0.0972	1.39	-0.06	1.45	1	0	0	-0.7	1
A8MXD5	R	4	F	0.1325	0.0202	0.1123	1.39	-1.90	3.29	1	0	-3	-1.9	1
A8MXD5	R	4	G	0.1325	0.0421	0.0904	1.39	-0.87	2.26	1	0	-2	-1.7	0
A8MXD5	R	4	H	0.1325	0.0129	0.1196	1.39	-0.51	1.9	1	0	0	-1.3	0
A8MXD5	R	4	I	0.1325	0.0339	0.0986	1.39	-1.82	3.21	1	0	-3	-2.1	0
A8MXD5	R	4	K	0.1325	0.1994	-0.0669	1.39	0.97	0.42	1	0	2	0.4	1
A8MXD5	R	4	L	0.1325	0.0608	0.0717	1.39	-1.39	2.78	1	0	-2	-1.9	0
A8MXD5	R	4	M	0.1325	0.0275	0.105	1.39	-0.74	2.13	1	0	-1	-1.8	1
A8MXD5	R	4	N	0.1325	0.0345	0.098	1.39	0.28	1.11	1	0	0	-0.9	1
A8MXD5	R	4	P	0.1325	0.0243	0.1082	1.39	-1.11	2.5	1	0	-2	-1.1	1
A8MXD5	R	4	Q	0.1325	0.0581	0.0744	1.39	0.29	1.1	1	0	1	-0.7	0
A8MXD5	R	4	R	0	0	0	0	0	0	0	0	0	0	2
A8MXD5	R	4	S	0.1325	0.0945	0.038	1.39	0.44	0.95	1	0	-1	-1.3	1
A8MXD5	R	4	T	0.1325	0.0850	0.0475	1.39	0.08	1.31	1	0	-1	-1.2	1
A8MXD5	R	4	V	0.1325	0.0393	0.0932	1.39	-1.60	2.99	1	0	-3	-2	1
A8MXD5	R	4	W	0.1325	0.0070	0.1255	1.39	-2.08	3.47	1	0	-3	-1.7	1
A8MXD5	R	4	Y	0.1325	0.0170	0.1155	1.39	-1.47	2.86	1	0	-2	-1	0
A8MXD5	E	5	A	0.1821	0.0423	0.1398	2.36	-0.75	3.11	1	0	-1	-1	1
A8MXD5	E	5	C	0.1821	0.0200	0.1621	2.36	-2.44	4.8	1	0	-4	-1.6	1
A8MXD5	E	5	D	0.1821	0.0445	0.1376	2.36	0.92	1.44	1	0	2	-0.1	1
A8MXD5	E	5	E	0	0	0	0	0	0	0	0	0	0	2
A8MXD5	E	5	F	0.1821	0.0203	0.1618	2.36	-1.98	4.34	1	0	-3	-1.2	1
A8MXD5	E	5	G	0.1821	0.0346	0.1475	2.36	-1.47	3.83	1	0	-2	-1	1
A8MXD5	E	5	H	0.1821	0.0219	0.1602	2.36	-0.30	2.66	1	0	0	-0.6	1
A8MXD5	E	5	I	0.1821	0.0365	0.1456	2.36	-1.82	4.18	1	0	-3	-1.4	0
A8MXD5	E	5	K	0.1821	0.0986	0.0835	2.36	0.51	1.85	1	0	1	1.1	0
A8MXD5	E	5	L	0.1821	0.0595	0.1226	2.36	-1.74	4.1	1	0	-3	-1.2	0
A8MXD5	E	5	M	0.1821	0.0516	0.1305	2.36	-0.90	3.26	1	0	-2	-1.1	0
A8MXD5	E	5	N	0.1821	0.0216	0.1605	2.36	-0.17	2.53	1	0	0	-0.2	0
A8MXD5	E	5	P	0.1821	0.0359	0.1462	2.36	-0.80	3.16	1	0	-1	-0.4	0
A8MXD5	E	5	Q	0.1821	0.1098	0.0723	2.36	1.19	1.17	1	0	2	0	0
A8MXD5	E	5	R	0.1821	0.0788	0.1033	2.36	-0.08	2.44	1	0	0	0.7	0
A8MXD5	E	5	S	0.1821	0.0347	0.1474	2.36	-0.14	2.5	1	0	0	-0.6	1
A8MXD5	E	5	T	0.1821	0.0332	0.1489	2.36	-0.72	3.08	1	0	-1	-0.5	0
A8MXD5	E	5	V	0.1821	0.0502	0.1319	2.36	-1.25	3.61	1	0	-2	-1.3	0
A8MXD5	E	5	W	0.1821	0.0071	0.175	2.36	-2.09	4.45	1	0	-3	-1	0
A8MXD5	E	5	Y	0.1821	0.0171	0.165	2.36	-1.39	3.75	1	0	-2	-0.3	0
A8MXD5	M	6	A	0.1128	0.0434	0.0694	1.64	-0.49	2.13	0	0	-1	0.1	1
A8MXD5	M	6	C	0.1128	0.0098	0.103	1.64	-0.92	2.56	0	0	-1	-0.5	1
A8MXD5	M	6	D	0.1128	0.0271	0.0857	1.64	-1.89	3.53	0	0	-3	1	1
A8MXD5	M	6	E	0.1128	0.0995	0.0133	1.64	-1.25	2.89	0	0	-2	1.1	1
A8MXD5	M	6	F	0.1128	0.0212	0.0916	1.64	-0.53	2.17	0	0	0	-0.1	1
A8MXD5	M	6	G	0.1128	0.0477	0.0651	1.64	-2.00	3.64	0	0	-3	0.1	0
A8MXD5	M	6	H	0.1128	0.0134	0.0994	1.64	-1.58	3.22	0	0	-2	0.5	0
A8MXD5	M	6	I	0.1128	0.0495	0.0633	1.64	0.72	0.92	0	0	1	-0.3	1
A8MXD5	M	6	K	0.1128	0.0559	0.0569	1.64	-0.88	2.52	0	0	-1	2.2	0
A8MXD5	M	6	L	0.1128	0.1272	-0.0144	1.64	0.84	0.8	0	0	2	-0.1	1
A8MXD5	M	6	M	0	0	0	0	0	0	0	0	0	0	2
A8MXD5	M	6	N	0.1128	0.0226	0.0902	1.64	-1.42	3.06	0	0	-2	0.9	0
A8MXD5	M	6	P	0.1128	0.0308	0.082	1.64	-1.42	3.06	0	0	-2	0.7	0
A8MXD5	M	6	Q	0.1128	0.0244	0.0884	1.64	-0.60	2.24	0	0	0	1.1	0
A8MXD5	M	6	R	0.1128	0.0756	0.0372	1.64	-0.96	2.6	0	0	-1	1.8	1
A8MXD5	M	6	S	0.1128	0.0560	0.0568	1.64	-0.78	2.42	0	0	-1	0.5	1
A8MXD5	M	6	T	0.1128	0.0554	0.0574	1.64	-0.27	1.91	0	0	-1	0.6	1
A8MXD5	M	6	V	0.1128	0.1025	0.0103	1.64	0.82	0.82	0	0	1	-0.2	1
A8MXD5	M	6	W	0.1128	0.0074	0.1054	1.64	-1.42	3.06	0	0	-1	0.1	1
A8MXD5	M	6	Y	0.1128	0.0178	0.095	1.64	-0.91	2.55	0	0	-1	0.8	1
A8MXD5	M	1	A	0.2218	0.0461	0.1757	2.70	-0.67	3.37	0	0	-1	0.1	0
A8MXD5	M	1	C	0.2218	0.0109	0.2109	2.70	-0.95	3.65	0	0	-1	-0.5	0
A8MXD5	M	1	D	0.2218	0.0301	0.1917	2.70	-1.56	4.26	0	0	-3	1	0
A8MXD5	M	1	E	0.2218	0.2037	0.0181	2.70	-0.69	3.39	0	0	-2	1.1	0
A8MXD5	M	1	F	0.2218	0.0235	0.1983	2.70	-0.28	2.98	0	0	0	-0.1	0
A8MXD5	M	1	G	0.2218	0.0389	0.1829	2.70	-1.93	4.63	0	0	-3	0.1	1
A8MXD5	M	1	H	0.2218	0.0148	0.207	2.70	-1.17	3.87	0	0	-2	0.5	1
A8MXD5	M	1	I	0.2218	0.0366	0.1852	2.70	0.31	2.39	0	0	1	-0.3	1
A8MXD5	M	1	K	0.2218	0.0374	0.1844	2.70	-0.49	3.19	0	0	-1	2.2	1
A8MXD5	M	1	L	0.2218	0.0597	0.1621	2.70	0.88	1.82	0	0	2	-0.1	0
A8MXD5	M	1	M	0	0	0	0	0	0	0	0	0	0	2
A8MXD5	M	1	N	0.2218	0.0250	0.1968	2.70	-1.17	3.87	0	0	-2	0.9	1
A8MXD5	M	1	P	0.2218	0.0283	0.1935	2.70	-1.25	3.95	0	0	-2	0.7	1
A8MXD5	M	1	Q	0.2218	0.0268	0.195	2.70	0.18	2.52	0	0	0	1.1	1
A8MXD5	M	1	R	0.2218	0.0345	0.1873	2.70	-0.59	3.29	0	0	-1	1.8	1
A8MXD5	M	1	S	0.2218	0.0403	0.1815	2.70	-0.58	3.28	0	0	-1	0.5	0
A8MXD5	M	1	T	0.2218	0.0379	0.1839	2.70	-0.67	3.37	0	0	-1	0.6	1
A8MXD5	M	1	V	0.2218	0.0558	0.166	2.70	0.41	2.29	0	0	1	-0.2	0
A8MXD5	M	1	W	0.2218	0.0082	0.2136	2.70	-0.87	3.57	0	0	-1	0.1	1
A8MXD5	M	1	Y	0.2218	0.0197	0.2021	2.70	-0.77	3.47	0	0	-1	0.8	0
A8MXD5	L	2	A	0.1617	0.0458	0.1159	0.80	-0.89	1.69	0	0	-1	0.2	0
A8MXD5	L	2	C	0.1617	0.0108	0.1509	0.80	-1.38	2.18	0	0	-1	-0.4	1
A8MXD5	L	2	D	0.1617	0.0768	0.0849	0.80	-1.49	2.29	0	0	-4	1.1	1
A8MXD5	L	2	E	0.1617	0.2040	-0.0423	0.80	-0.72	1.52	0	0	-3	1.2	0
A8MXD5	L	2	F	0.1617	0.0786	0.0831	0.80	0.54	0.26	0	0	0	0	0
A8MXD5	L	2	G	0.1617	0.0386	0.1231	0.80	-2.22	3.02	0	0	-4	0.2	0
A8MXD5	L	2	H	0.1617	0.0200	0.1417	0.80	-1.17	1.97	0	0	-3	0.6	1
A8MXD5	L	2	I	0.1617	0.0363	0.1254	0.80	0.14	0.66	0	0	2	-0.2	0
A8MXD5	L	2	K	0.1617	0.0479	0.1138	0.80	-1.04	1.84	0	0	-2	2.3	1
A8MXD5	L	2	L	0	0	0	0	0	0	0	0	0	0	2
A8MXD5	L	2	M	0.1617	0.0156	0.1461	0.80	0.31	0.49	0	0	2	0.1	1
A8MXD5	L	2	N	0.1617	0.0249	0.1368	0.80	-1.52	2.32	0	0	-3	1	0
A8MXD5	L	2	P	0.1617	0.0281	0.1336	0.80	-1.90	2.7	0	0	-3	0.8	1
A8MXD5	L	2	Q	0.1617	0.0266	0.1351	0.80	-0.89	1.69	0	0	-2	1.2	0
A8MXD5	L	2	R	0.1617	0.0343	0.1274	0.80	-1.22	2.02	0	0	-2	1.9	0
A8MXD5	L	2	S	0.1617	0.0400	0.1217	0.80	-1.03	1.83	0	0	-2	0.6	0
A8MXD5	L	2	T	0.1617	0.0377	0.124	0.80	-0.87	1.67	0	0	-1	0.7	1
A8MXD5	L	2	V	0.1617	0.0448	0.1169	0.80	-0.22	1.02	0	0	1	-0.1	1
A8MXD5	L	2	W	0.1617	0.0081	0.1536	0.80	-1.03	1.83	0	0	-2	0.2	0
A8MXD5	L	2	Y	0.1617	0.0195	0.1422	0.80	-0.15	0.95	0	0	-1	0.9	1
A8MXD5	K	3	A	0.1981	0.0424	0.1557	2.61	-0.67	3.28	1	0	-1	-2.1	1
A8MXD5	K	3	C	0.1981	0.0099	0.1882	2.61	-2.18	4.79	1	0	-3	-2.7	0
A8MXD5	K	3	D	0.1981	0.0310	0.1671	2.61	-0.69	3.3	1	0	-1	-1.2	1
A8MXD5	K	3	E	0.1981	0.0925	0.1056	2.61	0.58	2.03	1	0	1	-1.1	1
A8MXD5	K	3	F	0.1981	0.0212	0.1769	2.61	-2.14	4.75	1	0	-3	-2.3	1
A8MXD5	K	3	G	0.1981	0.0622	0.1359	2.61	-1.02	3.63	1	0	-2	-2.1	0
A8MXD5	K	3	H	0.1981	0.0135	0.1846	2.61	-0.60	3.21	1	0	-1	-1.7	0
A8MXD5	K	3	I	0.1981	0.0451	0.153	2.61	-2.17	4.78	1	0	-3	-2.5	1
A8MXD5	K	3	K	0	0	0	0	0	0	0	0	0	0	2
A8MXD5	K	3	L	0.1981	0.0531	0.145	2.61	-1.57	4.18	1	0	-2	-2.3	0
A8MXD5	K	3	M	0.1981	0.0140	0.1841	2.61	-0.86	3.47	1	0	-1	-2.2	1
A8MXD5	K	3	N	0.1981	0.0263	0.1718	2.61	0.02	2.59	1	0	0	-1.3	0
A8MXD5	K	3	P	0.1981	0.0258	0.1723	2.61	-0.90	3.51	1	0	-1	-1.5	1
A8MXD5	K	3	Q	0.1981	0.0263	0.1718	2.61	0.59	2.02	1	0	1	-1.1	1
A8MXD5	K	3	R	0.1981	0.2023	-0.004	2.61	1.47	1.14	1	0	2	-0.4	0
A8MXD5	K	3	S	0.1981	0.0370	0.1611	2.61	-0.13	2.74	1	0	0	-1.7	1
A8MXD5	K	3	T	0.1981	0.0343	0.1638	2.61	-0.76	3.37	1	0	-1	-1.6	0
A8MXD5	K	3	V	0.1981	0.0400	0.1581	2.61	-1.59	4.2	1	0	-2	-2.4	0
A8MXD5	K	3	W	0.1981	0.0074	0.1907	2.61	-2.10	4.71	1	0	-3	-2.1	0
A8MXD5	K	3	Y	0.1981	0.0177	0.1804	2.61	-1.48	4.09	1	0	-2	-1.4	0
A8MXD5	R	4	A	0.1325	0.0401	0.0924	1.39	-0.32	1.71	1	0	-1	-1.7	0
A8MXD5	R	4	C	0.1325	0.0093	0.1232	1.39	-1.67	3.06	1	0	-3	-2.3	1
A8MXD5	R	4	D	0.1325	0.0261	0.1064	1.39	-0.85	2.24	1	0	-2	-0.8	0
A8MXD5	R	4	E	0.1325	0.0353	0.0972	1.39	-0.06	1.45	1	0	0	-0.7	1
A8MXD5	R	4	F	0.1325	0.0202	0.1123	1.39	-1.90	3.29	1	0	-3	-1.9	1
A8MXD5	R	4	G	0.1325	0.0421	0.0904	1.39	-0.87	2.26	1	0	-2	-1.7	0
A8MXD5	R	4	H	0.1325	0.0129	0.1196	1.39	-0.51	1.9	1	0	0	-1.3	0
A8MXD5	R	4	I	0.1325	0.0339	0.0986	1.39	-1.82	3.21	1	0	-3	-2.1	0
A8MXD5	R	4	K	0.1325	0.1994	-0.0669	1.39	0.97	0.42	1	0	2	0.4	1
A8MXD5	R	4	L	0.1325	0.0608	0.0717	1.39	-1.39	2.78	1	0	-2	-1.9	0
A8MXD5	R	4	M	0.1325	0.0275	0.105	1.39	-0.74	2.13	1	0	-1	-1.8	1
A8MXD5	R	4	N	0.1325	0.0345	0.098	1.39	0.28	1.11	1	0	0	-0.9	1
A8MXD5	R	4	P	0.1325	0.0243	0.1082	1.39	-1.11	2.5	1	0	-2	-1.1	1
A8MXD5	R	4	Q	0.1325	0.0581	0.0744	1.39	0.29	1.1	1	0	1	-0.7	0
A8MXD5	R	4	R	0	0	0	0	0	0	0	0	0	0	2
A8MXD5	R	4	S	0.1325	0.0945	0.038	1.39	0.44	0.95	1	0	-1	-1.3	1
A8MXD5	R	4	T	0.1325	0.0850	0.0475	1.39	0.08	1.31	1	0	-1	-1.2	1
A8MXD5	R	4	V	0.1325	0.0393	0.0932	1.39	-1.60	2.99	1	0	-3	-2	1
A8MXD5	R	4	W	0.1325	0.0070	0.1255	1.39	-2.08	3.47	1	0	-3	-1.7	1
A8MXD5	R	4	Y	0.1325	0.0170	0.1155	1.39	-1.47	2.86	1	0	-2	-1	0
A8MXD5	E	5	A	0.1821	0.0423	0.1398	2.36	-0.75	3.11	1	0	-1	-1	1
A8MXD5	E	5	C	0.1821	0.0200	0.1621	2.36	-2.44	4.8	1	0	-4	-1.6	1
A8MXD5	E	5	D	0.1821	0.0445	0.1376	2.36	0.92	1.44	1	0	2	-0.1	1
A8MXD5	E	5	E	0	0	0	0	0	0	0	0	0	0	2
A8MXD5	E	5	F	0.1821	0.0203	0.1618	2.36	-1.98	4.34	1	0	-3	-1.2	1
A8MXD5	E	5	G	0.1821	0.0346	0.1475	2.36	-1.47	3.83	1	0	-2	-1	1
A8MXD5	E	5	H	0.1821	0.0219	0.1602	2.36	-0.30	2.66	1	0	0	-0.6	1
A8MXD5	E	5	I	0.1821	0.0365	0.1456	2.36	-1.82	4.18	1	0	-3	-1.4	0
A8MXD5	E	5	K	0.1821	0.0986	0.0835	2.36	0.51	1.85	1	0	1	1.1	0
A8MXD5	E	5	L	0.1821	0.0595	0.1226	2.36	-1.74	4.1	1	0	-3	-1.2	0
A8MXD5	E	5	M	0.1821	0.0516	0.1305	2.36	-0.90	3.26	1	0	-2	-1.1	0
A8MXD5	E	5	N	0.1821	0.0216	0.1605	2.36	-0.17	2.53	1	0	0	-0.2	0
A8MXD5	E	5	P	0.1821	0.0359	0.1462	2.36	-0.80	3.16	1	0	-1	-0.4	0
A8MXD5	E	5	Q	0.1821	0.1098	0.0723	2.36	1.19	1.17	1	0	2	0	0
A8MXD5	E	5	R	0.1821	0.0788	0.1033	2.36	-0.08	2.44	1	0	0	0.7	0
A8MXD5	E	5	S	0.1821	0.0347	0.1474	2.36	-0.14	2.5	1	0	0	-0.6	1
A8MXD5	E	5	T	0.1821	0.0332	0.1489	2.36	-0.72	3.08	1	0	-1	-0.5	0
A8MXD5	E	5	V	0.1821	0.0502	0.1319	2.36	-1.25	3.61	1	0	-2	-1.3	0
A8MXD5	E	5	W	0.1821	0.0071	0.175	2.36	-2.09	4.45	1	0	-3	-1	0
A8MXD5	E	5	Y	0.1821	0.0171	0.165	2.36	-1.39	3.75	1	0	-2	-0.3	0
A8MXD5	M	6	A	0.1128	0.0434	0.0694	1.64	-0.49	2.13	0	0	-1	0.1	1
A8MXD5	M	6	C	0.1128	0.0098	0.103	1.64	-0.92	2.56	0	0	-1	-0.5	1
A8MXD5	M	6	D	0.1128	0.0271	0.0857	1.64	-1.89	3.53	0	0	-3	1	1
A8MXD5	M	6	E	0.1128	0.0995	0.0133	1.64	-1.25	2.89	0	0	-2	1.1	1
A8MXD5	M	6	F	0.1128	0.0212	0.0916	1.64	-0.53	2.17	0	0	0	-0.1	1
A8MXD5	M	6	G	0.1128	0.0477	0.0651	1.64	-2.00	3.64	0	0	-3	0.1	0
A8MXD5	M	6	H	0.1128	0.0134	0.0994	1.64	-1.58	3.22	0	0	-2	0.5	0
A8MXD5	M	6	I	0.1128	0.0495	0.0633	1.64	0.72	0.92	0	0	1	-0.3	1
A8MXD5	M	6	K	0.1128	0.0559	0.0569	1.64	-0.88	2.52	0	0	-1	2.2	0
A8MXD5	M	6	L	0.1128	0.1272	-0.0144	1.64	0.84	0.8	0	0	2	-0.1	1
A8MXD5	M	6	M	0	0	0	0	0	0	0	0	0	0	2
A8MXD5	M	6	N	0.1128	0.0226	0.0902	1.64	-1.42	3.06	0	0	-2	0.9	0
A8MXD5	M	6	P	0.1128	0.0308	0.082	1.64	-1.42	3.06	0	0	-2	0.7	0
A8MXD5	M	6	Q	0.1128	0.0244	0.0884	1.64	-0.60	2.24	0	0	0	1.1	0
A8MXD5	M	6	R	0.1128	0.0756	0.0372	1.64	-0.96	2.6	0	0	-1	1.8	1
A8MXD5	M	6	S	0.1128	0.0560	0.0568	1.64	-0.78	2.42	0	0	-1	0.5	1
A8MXD5	M	6	T	0.1128	0.0554	0.0574	1.64	-0.27	1.91	0	0	-1	0.6	1
A8MXD5	M	6	V	0.1128	0.1025	0.0103	1.64	0.82	0.82	0	0	1	-0.2	1
A8MXD5	M	6	W	0.1128	0.0074	0.1054	1.64	-1.42	3.06	0	0	-1	0.1	1
A8MXD5	M	6	Y	0.1128	0.0178	0.095	1.64	-0.91	2.55	0	0	-1	0.8	1
A8MXD5	M	1	A	0.2218	0.0461	0.1757	2.70	-0.67	3.37	0	0	-1	0.1	0
A8MXD5	M	1	C	0.2218	0.0109	0.2109	2.70	-0.95	3.65	0	0	-1	-0.5	0
A8MXD5	M	1	D	0.2218	0.0301	0.1917	2.70	-1.56	4.26	0	0	-3	1	0
A8MXD5	M	1	E	0.2218	0.2037	0.0181	2.70	-0.69	3.39	0	0	-2	1.1	0
A8MXD5	M	1	F	0.2218	0.0235	0.1983	2.70	-0.28	2.98	0	0	0	-0.1	0
A8MXD5	M	1	G	0.2218	0.0389	0.1829	2.70	-1.93	4.63	0	0	-3	0.1	1
A8MXD5	M	1	H	0.2218	0.0148	0.207	2.70	-1.17	3.87	0	0	-2	0.5	1
A8MXD5	M	1	I	0.2218	0.0366	0.1852	2.70	0.31	2.39	0	0	1	-0.3	1
A8MXD5	M	1	K	0.2218	0.0374	0.1844	2.70	-0.49	3.19	0	0	-1	2.2	1
A8MXD5	M	1	L	0.2218	0.0597	0.1621	2.70	0.88	1.82	0	0	2	-0.1	0
A8MXD5	M	1	M	0	0	0	0	0	0	0	0	0	0	2
A8MXD5	M	1	N	0.2218	0.0250	0.1968	2.70	-1.17	3.87	0	0	-2	0.9	1
A8MXD5	M	1	P	0.2218	0.0283	0.1935	2.70	-1.25	3.95	0	0	-2	0.7	1
A8MXD5	M	1	Q	0.2218	0.0268	0.195	2.70	0.18	2.52	0	0	0	1.1	1
A8MXD5	M	1	R	0.2218	0.0345	0.1873	2.70	-0.59	3.29	0	0	-1	1.8	1
A8MXD5	M	1	S	0.2218	0.0403	0.1815	2.70	-0.58	3.28	0	0	-1	0.5	0
A8MXD5	M	1	T	0.2218	0.0379	0.1839	2.70	-0.67	3.37	0	0	-1	0.6	1
A8MXD5	M	1	V	0.2218	0.0558	0.166	2.70	0.41	2.29	0	0	1	-0.2	0
A8MXD5	M	1	W	0.2218	0.0082	0.2136	2.70	-0.87	3.57	0	0	-1	0.1	1
A8MXD5	M	1	Y	0.2218	0.0197	0.2021	2.70	-0.77	3.47	0	0	-1	0.8	0
A8MXD5	L	2	A	0.1617	0.0458	0.1159	0.80	-0.89	1.69	0	0	-1	0.2	0
A8MXD5	L	2	C	0.1617	0.0108	0.1509	0.80	-1.38	2.18	0	0	-1	-0.4	1
A8MXD5	L	2	D	0.1617	0.0768	0.0849	0.80	-1.49	2.29	0	0	-4	1.1	1
A8MXD5	L	2	E	0.1617	0.2040	-0.0423	0.80	-0.72	1.52	0	0	-3	1.2	0
A8MXD5	L	2	F	0.1617	0.0786	0.0831	0.80	0.54	0.26	0	0	0	0	0
A8MXD5	L	2	G	0.1617	0.0386	0.1231	0.80	-2.22	3.02	0	0	-4	0.2	0
A8MXD5	L	2	H	0.1617	0.0200	0.1417	0.80	-1.17	1.97	0	0	-3	0.6	1
A8MXD5	L	2	I	0.1617	0.0363	0.1254	0.80	0.14	0.66	0	0	2	-0.2	0
A8MXD5	L	2	K	0.1617	0.0479	0.1138	0.80	-1.04	1.84	0	0	-2	2.3	1
A8MXD5	L	2	L	0	0	0	0	0	0	0	0	0	0	2
A8MXD5	L	2	M	0.1617	0.0156	0.1461	0.80	0.31	0.49	0	0	2	0.1	1
A8MXD5	L	2	N	0.1617	0.0249	0.1368	0.80	-1.52	2.32	0	0	-3	1	0
A8MXD5	L	2	P	0.1617	0.0281	0.1336	0.80	-1.90	2.7	0	0	-3	0.8	1
A8MXD5	L	2	Q	0.1617	0.0266	0.1351	0.80	-0.89	1.69	0	0	-2	1.2	0
A8MXD5	L	2	R	0.1617	0.0343	0.1274	0.80	-1.22	2.02	0	0	-2	1.9	0
A8MXD5	L	2	S	0.1617	0.0400	0.1217	0.80	-1.03	1.83	0	0	-2	0.6	0
A8MXD5	L	2	T	0.1617	0.0377	0.124	0.80	-0.87	1.67	0	0	-1	0.7	1
A8MXD5	L	2	V	0.1617	0.0448	0.1169	0.80	-0.22	1.02	0	0	1	-0.1	1
A8MXD5	L	2	W	0.1617	0.0081	0.1536	0.80	-1.03	1.83	0	0	-2	0.2	0
A8MXD5	L	2	Y	0.1617	0.0195	0.1422	0.80	-0.15	0.95	0	0	-1	0.9	1
A8MXD5	K	3	A	0.1981	0.0424	0.1557	2.61	-0.67	3.28	1	0	-1	-2.1	1
A8MXD5	K	3	C	0.1981	0.0099	0.1882	2.61	-2.18	4.79	1	0	-3	-2.7	0
A8MXD5	K	3	D	0.1981	0.0310	0.1671	2.61	-0.69	3.3	1	0	-1	-1.2	1
A8MXD5	K	3	E	0.1981	0.0925	0.1056	2.61	0.58	2.03	1	0	1	-1.1	1
A8MXD5	K	3	F	0.1981	0.0212	0.1769	2.61	-2.14	4.75	1	0	-3	-2.3	1
A8MXD5	K	3	G	0.1981	0.0622	0.1359	2.61	-1.02	3.63	1	0	-2	-2.1	0
A8MXD5	K	3	H	0.1981	0.0135	0.1846	2.61	-0.60	3.21	1	0	-1	-1.7	0
A8MXD5	K	3	I	0.1981	0.0451	0.153	2.61	-2.17	4.78	1	0	-3	-2.5	1
A8MXD5	K	3	K	0	0	0	0	0	0	0	0	0	0	2
A8MXD5	K	3	L	0.1981	0.0531	0.145	2.61	-1.57	4.18	1	0	-2	-2.3	0
A8MXD5	K	3	M	0.1981	0.0140	0.1841	2.61	-0.86	3.47	1	0	-1	-2.2	1
A8MXD5	K	3	N	0.1981	0.0263	0.1718	2.61	0.02	2.59	1	0	0	-1.3	0
A8MXD5	K	3	P	0.1981	0.0258	0.1723	2.61	-0.90	3.51	1	0	-1	-1.5	1
A8MXD5	K	3	Q	0.1981	0.0263	0.1718	2.61	0.59	2.02	1	0	1	-1.1	1
A8MXD5	K	3	R	0.1981	0.2023	-0.004	2.61	1.47	1.14	1	0	2	-0.4	0
A8MXD5	K	3	S	0.1981	0.0370	0.1611	2.61	-0.13	2.74	1	0	0	-1.7	1
A8MXD5	K	3	T	0.1981	0.0343	0.1638	2.61	-0.76	3.37	1	0	-1	-1.6	0
A8MXD5	K	3	V	0.1981	0.0400	0.1581	2.61	-1.59	4.2	1	0	-2	-2.4	0
A8MXD5	K	3	W	0.1981	0.0074	0.1907	2.61	-2.10	4.71	1	0	-3	-2.1	0
A8MXD5	K	3	Y	0.1981	0.0177	0.1804	2.61	-1.48	4.09	1	0	-2	-1.4	0
A8MXD5	R	4	A	0.1325	0.0401	0.0924	1.39	-0.32	1.71	1	0	-1	-1.7	0
A8MXD5	R	4	C	0.1325	0.0093	0.1232	1.39	-1.67	3.06	1	0	-3	-2.3	1
A8MXD5	R	4	D	0.1325	0.0261	0.1064	1.39	-0.85	2.24	1	0	-2	-0.8	0
A8MXD5	R	4	E	0.1325	0.0353	0.0972	1.39	-0.06	1.45	1	0	0	-0.7	1
A8MXD5	R	4	F	0.1325	0.0202	0.1123	1.39	-1.90	3.29	1	0	-3	-1.9	1
A8MXD5	R	4	G	0.1325	0.0421	0.0904	1.39	-0.87	2.26	1	0	-2	-1.7	0
A8MXD5	R	4	H	0.1325	0.0129	0.1196	1.39	-0.51	1.9	1	0	0	-1.3	0
A8MXD5	R	4	I	0.1325	0.0339	0.0986	1.39	-1.82	3.21	1	0	-3	-2.1	0
A8MXD5	R	4	K	0.1325	0.1994	-0.0669	1.39	0.97	0.42	1	0	2	0.4	1
A8MXD5	R	4	L	0.1325	0.0608	0.0717	1.39	-1.39	2.78	1	0	-2	-1.9	0
A8MXD5	R	4	M	0.1325	0.0275	0.105	1.39	-0.74	2.13	1	0	-1	-1.8	1
A8MXD5	R	4	N	0.1325	0.0345	0.098	1.39	0.28	1.11	1	0	0	-0.9	1
A8MXD5	R	4	P	0.1325	0.0243	0.1082	1.39	-1.11	2.5	1	0	-2	-1.1	1
A8MXD5	R	4	Q	0.1325	0.0581	0.0744	1.39	0.29	1.1	1	0	1	-0.7	0
A8MXD5	R	4	R	0	0	0	0	0	0	0	0	0	0	2
A8MXD5	R	4	S	0.1325	0.0945	0.038	1.39	0.44	0.95	1	0	-1	-1.3	1
A8MXD5	R	4	T	0.1325	0.0850	0.0475	1.39	0.08	1.31	1	0	-1	-1.2	1
A8MXD5	R	4	V	0.1325	0.0393	0.0932	1.39	-1.60	2.99	1	0	-3	-2	1
A8MXD5	R	4	W	0.1325	0.0070	0.1255	1.39	-2.08	3.47	1	0	-3	-1.7	1
A8MXD5	R	4	Y	0.1325	0.0170	0.1155	1.39	-1.47	2.86	1	0	-2	-1	0
A8MXD5	E	5	A	0.1821	0.0423	0.1398	2.36	-0.75	3.11	1	0	-1	-1	1
A8MXD5	E	5	C	0.1821	0.0200	0.1621	2.36	-2.44	4.8	1	0	-4	-1.6	1
A8MXD5	E	5	D	0.1821	0.0445	0.1376	2.36	0.92	1.44	1	0	2	-0.1	1
A8MXD5	E	5	E	0	0	0	0	0	0	0	0	0	0	2
A8MXD5	E	5	F	0.1821	0.0203	0.1618	2.36	-1.98	4.34	1	0	-3	-1.2	1
A8MXD5	E	5	G	0.1821	0.0346	0.1475	2.36	-1.47	3.83	1	0	-2	-1	1
A8MXD5	E	5	H	0.1821	0.0219	0.1602	2.36	-0.30	2.66	1	0	0	-0.6	1
A8MXD5	E	5	I	0.1821	0.0365	0.1456	2.36	-1.82	4.18	1	0	-3	-1.4	0
A8MXD5	E	5	K	0.1821	0.0986	0.0835	2.36	0.51	1.85	1	0	1	1.1	0
A8MXD5	E	5	L	0.1821	0.0595	0.1226	2.36	-1.74	4.1	1	0	-3	-1.2	0
A8MXD5	E	5	M	0.1821	0.0516	0.1305	2.36	-0.90	3.26	1	0	-2	-1.1	0
A8MXD5	E	5	N	0.1821	0.0216	0.1605	2.36	-0.17	2.53	1	0	0	-0.2	0
A8MXD5	E	5	P	0.1821	0.0359	0.1462	2.36	-0.80	3.16	1	0	-1	-0.4	0
A8MXD5	E	5	Q	0.1821	0.1098	0.0723	2.36	1.19	1.17	1	0	2	0	0
A8MXD5	E	5	R	0.1821	0.0788	0.1033	2.36	-0.08	2.44	1	0	0	0.7	0
A8MXD5	E	5	S	0.1821	0.0347	0.1474	2.36	-0.14	2.5	1	0	0	-0.6	1
A8MXD5	E	5	T	0.1821	0.0332	0.1489	2.36	-0.72	3.08	1	0	-1	-0.5	0
A8MXD5	E	5	V	0.1821	0.0502	0.1319	2.36	-1.25	3.61	1	0	-2	-1.3	0
A8MXD5	E	5	W	0.1821	0.0071	0.175	2.36	-2.09	4.45	1	0	-3	-1	0
A8MXD5	E	5	Y	0.1821	0.0171	0.165	2.36	-1.39	3.75	1	0	-2	-0.3	0
A8MXD5	M	6	A	0.1128	0.0434	0.0694	1.64	-0.49	2.13	0	0	-1	0.1	1
A8MXD5	M	6	C	0.1128	0.0098	0.103	1.64	-0.92	2.56	0	0	-1	-0.5	1
A8MXD5	M	6	D	0.1128	0.0271	0.0857	1.64	-1.89	3.53	0	0	-3	1	1
A8MXD5	M	6	E	0.1128	0.0995	0.0133	1.64	-1.25	2.89	0	0	-2	1.1	1
A8MXD5	M	6	F	0.1128	0.0212	0.0916	1.64	-0.53	2.17	0	0	0	-0.1	1
A8MXD5	M	6	G	0.1128	0.0477	0.0651	1.64	-2.00	3.64	0	0	-3	0.1	0
A8MXD5	M	6	H	0.1128	0.0134	0.0994	1.64	-1.58	3.22	0	0	-2	0.5	0
A8MXD5	M	6	I	0.1128	0.0495	0.0633	1.64	0.72	0.92	0	0	1	-0.3	1
A8MXD5	M	6	K	0.1128	0.0559	0.0569	1.64	-0.88	2.52	0	0	-1	2.2	0
A8MXD5	M	6	L	0.1128	0.1272	-0.0144	1.64	0.84	0.8	0	0	2	-0.1	1
A8MXD5	M	6	M	0	0	0	0	0	0	0	0	0	0	2
A8MXD5	M	6	N	0.1128	0.0226	0.0902	1.64	-1.42	3.06	0	0	-2	0.9	0
A8MXD5	M	6	P	0.1128	0.0308	0.082	1.64	-1.42	3.06	0	0	-2	0.7	0
A8MXD5	M	6	Q	0.1128	0.0244	0.0884	1.64	-0.60	2.24	0	0	0	1.1	0
A8MXD5	M	6	R	0.1128	0.0756	0.0372	1.64	-0.96	2.6	0	0	-1	1.8	1
A8MXD5	M	6	S	0.1128	0.0560	0.0568	1.64	-0.78	2.42	0	0	-1	0.5	1
A8MXD5	M	6	T	0.1128	0.0554	0.0574	1.64	-0.27	1.91	0	0	-1	0.6	1
A8MXD5	M	6	V	0.1128	0.1025	0.0103	1.64	0.82	0.82	0	0	1	-0.2	1
A8MXD5	M	6	W	0.1128	0.0074	0.1054	1.64	-1.42	3.06	0	0	-1	0.1	1
A8MXD5	M	6	Y	0.1128	0.0178	0.095	1.64	-0.91	2.55	0	0	-1	0.8	1
